<?xml version="1.0" encoding="utf-8"?>
<CoverageSession>
  <Summary numSequencePoints="2126" visitedSequencePoints="227" numBranchPoints="868" visitedBranchPoints="29" sequenceCoverage="10.67" branchCoverage="3.34" maxCyclomaticComplexity="1085" minCyclomaticComplexity="1085" visitedClasses="21" numClasses="180" visitedMethods="58" numMethods="299" />
  <Modules>
    <Module hash="81EC40EF-CCA3-41C3-855C-D962F034EAF4">
      <ModulePath>SIMS.dll</ModulePath>
      <ModuleTime>2025-12-04T08:16:30</ModuleTime>
      <ModuleName>SIMS</ModuleName>
      <Files>
        <File uid="1" fullPath="C:\Users\Admin\Downloads\se07201_aspnetcoremvc-main\SIMS\Views\ActivityLog\Index.cshtml" />
        <File uid="2" fullPath="C:\Users\Admin\Downloads\se07201_aspnetcoremvc-main\SIMS\Views\Authentication\AccessDenied.cshtml" />
        <File uid="3" fullPath="C:\Users\Admin\Downloads\se07201_aspnetcoremvc-main\SIMS\Views\Course\Add.cshtml" />
        <File uid="4" fullPath="C:\Users\Admin\Downloads\se07201_aspnetcoremvc-main\SIMS\Views\Course\AssignStudents.cshtml" />
        <File uid="5" fullPath="C:\Users\Admin\Downloads\se07201_aspnetcoremvc-main\SIMS\Views\Course\Details.cshtml" />
        <File uid="6" fullPath="C:\Users\Admin\Downloads\se07201_aspnetcoremvc-main\SIMS\Views\Course\Edit.cshtml" />
        <File uid="7" fullPath="C:\Users\Admin\Downloads\se07201_aspnetcoremvc-main\SIMS\Views\Course\Index.cshtml" />
        <File uid="8" fullPath="C:\Users\Admin\Downloads\se07201_aspnetcoremvc-main\SIMS\Views\Dashboard\Index.cshtml" />
        <File uid="9" fullPath="C:\Users\Admin\Downloads\se07201_aspnetcoremvc-main\SIMS\Views\Home\Index.cshtml" />
        <File uid="10" fullPath="C:\Users\Admin\Downloads\se07201_aspnetcoremvc-main\SIMS\Views\Home\Privacy.cshtml" />
        <File uid="11" fullPath="C:\Users\Admin\Downloads\se07201_aspnetcoremvc-main\SIMS\Views\Login\Index.cshtml" />
        <File uid="12" fullPath="C:\Users\Admin\Downloads\se07201_aspnetcoremvc-main\SIMS\Views\MyCourses\Index.cshtml" />
        <File uid="13" fullPath="C:\Users\Admin\Downloads\se07201_aspnetcoremvc-main\SIMS\Views\Search\Results.cshtml" />
        <File uid="14" fullPath="C:\Users\Admin\Downloads\se07201_aspnetcoremvc-main\SIMS\Views\Settings\ChangePassword.cshtml" />
        <File uid="15" fullPath="C:\Users\Admin\Downloads\se07201_aspnetcoremvc-main\SIMS\Views\Settings\Index.cshtml" />
        <File uid="16" fullPath="C:\Users\Admin\Downloads\se07201_aspnetcoremvc-main\SIMS\Views\Shared\Error.cshtml" />
        <File uid="17" fullPath="C:\Users\Admin\Downloads\se07201_aspnetcoremvc-main\SIMS\Views\Shared\Partials\_Navbar.cshtml" />
        <File uid="18" fullPath="C:\Users\Admin\Downloads\se07201_aspnetcoremvc-main\SIMS\Views\Shared\Partials\_Sidebar.cshtml" />
        <File uid="19" fullPath="C:\Users\Admin\Downloads\se07201_aspnetcoremvc-main\SIMS\Views\Student\Add.cshtml" />
        <File uid="20" fullPath="C:\Users\Admin\Downloads\se07201_aspnetcoremvc-main\SIMS\Views\Student\Details.cshtml" />
        <File uid="21" fullPath="C:\Users\Admin\Downloads\se07201_aspnetcoremvc-main\SIMS\Views\Student\Edit.cshtml" />
        <File uid="22" fullPath="C:\Users\Admin\Downloads\se07201_aspnetcoremvc-main\SIMS\Views\Student\Index.cshtml" />
        <File uid="23" fullPath="C:\Users\Admin\Downloads\se07201_aspnetcoremvc-main\SIMS\Views\User\Add.cshtml" />
        <File uid="24" fullPath="C:\Users\Admin\Downloads\se07201_aspnetcoremvc-main\SIMS\Views\User\Edit.cshtml" />
        <File uid="25" fullPath="C:\Users\Admin\Downloads\se07201_aspnetcoremvc-main\SIMS\Views\User\Index.cshtml" />
        <File uid="26" fullPath="C:\Users\Admin\Downloads\se07201_aspnetcoremvc-main\SIMS\Views\_ViewStart.cshtml" />
        <File uid="27" fullPath="C:\Users\Admin\Downloads\se07201_aspnetcoremvc-main\SIMS\Program.cs" />
        <File uid="28" fullPath="C:\Users\Admin\Downloads\se07201_aspnetcoremvc-main\SIMS\SimsDbContext\SimDbContext.cs" />
        <File uid="29" fullPath="C:\Users\Admin\Downloads\se07201_aspnetcoremvc-main\SIMS\SimsDbContext\Entities\ActivityLog.cs" />
        <File uid="30" fullPath="C:\Users\Admin\Downloads\se07201_aspnetcoremvc-main\SIMS\SimsDbContext\Entities\Course.cs" />
        <File uid="31" fullPath="C:\Users\Admin\Downloads\se07201_aspnetcoremvc-main\SIMS\SimsDbContext\Entities\Student.cs" />
        <File uid="32" fullPath="C:\Users\Admin\Downloads\se07201_aspnetcoremvc-main\SIMS\SimsDbContext\Entities\StudentCourse.cs" />
        <File uid="33" fullPath="C:\Users\Admin\Downloads\se07201_aspnetcoremvc-main\SIMS\SimsDbContext\Entities\Users.cs" />
        <File uid="34" fullPath="C:\Users\Admin\Downloads\se07201_aspnetcoremvc-main\SIMS\Services\ActivityLogService.cs" />
        <File uid="35" fullPath="C:\Users\Admin\Downloads\se07201_aspnetcoremvc-main\SIMS\Services\CourseService.cs" />
        <File uid="36" fullPath="C:\Users\Admin\Downloads\se07201_aspnetcoremvc-main\SIMS\Services\StudentService.cs" />
        <File uid="37" fullPath="C:\Users\Admin\Downloads\se07201_aspnetcoremvc-main\SIMS\Services\UserService.cs" />
        <File uid="38" fullPath="C:\Users\Admin\Downloads\se07201_aspnetcoremvc-main\SIMS\Repositories\ActivityLogRepository.cs" />
        <File uid="39" fullPath="C:\Users\Admin\Downloads\se07201_aspnetcoremvc-main\SIMS\Repositories\CourseRepository.cs" />
        <File uid="40" fullPath="C:\Users\Admin\Downloads\se07201_aspnetcoremvc-main\SIMS\Repositories\StudentCourseRepository.cs" />
        <File uid="41" fullPath="C:\Users\Admin\Downloads\se07201_aspnetcoremvc-main\SIMS\Repositories\StudentRepository.cs" />
        <File uid="42" fullPath="C:\Users\Admin\Downloads\se07201_aspnetcoremvc-main\SIMS\Repositories\UserRepository.cs" />
        <File uid="43" fullPath="C:\Users\Admin\Downloads\se07201_aspnetcoremvc-main\SIMS\Models\AssignStudentViewModel.cs" />
        <File uid="44" fullPath="C:\Users\Admin\Downloads\se07201_aspnetcoremvc-main\SIMS\Models\CourseViewModel.cs" />
        <File uid="45" fullPath="C:\Users\Admin\Downloads\se07201_aspnetcoremvc-main\SIMS\Models\ErrorViewModel.cs" />
        <File uid="46" fullPath="C:\Users\Admin\Downloads\se07201_aspnetcoremvc-main\SIMS\Models\LoginViewModel.cs" />
        <File uid="47" fullPath="C:\Users\Admin\Downloads\se07201_aspnetcoremvc-main\SIMS\Models\ProfileViewModel.cs" />
        <File uid="48" fullPath="C:\Users\Admin\Downloads\se07201_aspnetcoremvc-main\SIMS\Models\StudentViewModel.cs" />
        <File uid="49" fullPath="C:\Users\Admin\Downloads\se07201_aspnetcoremvc-main\SIMS\Controllers\ActivityLogController.cs" />
        <File uid="50" fullPath="C:\Users\Admin\Downloads\se07201_aspnetcoremvc-main\SIMS\Controllers\AuthenticationController.cs" />
        <File uid="51" fullPath="C:\Users\Admin\Downloads\se07201_aspnetcoremvc-main\SIMS\Controllers\CourseController.cs" />
        <File uid="52" fullPath="C:\Users\Admin\Downloads\se07201_aspnetcoremvc-main\SIMS\Controllers\DashboardController.cs" />
        <File uid="53" fullPath="C:\Users\Admin\Downloads\se07201_aspnetcoremvc-main\SIMS\Controllers\HomeController.cs" />
        <File uid="54" fullPath="C:\Users\Admin\Downloads\se07201_aspnetcoremvc-main\SIMS\Controllers\LoginController.cs" />
        <File uid="55" fullPath="C:\Users\Admin\Downloads\se07201_aspnetcoremvc-main\SIMS\Controllers\MyCoursesController.cs" />
        <File uid="56" fullPath="C:\Users\Admin\Downloads\se07201_aspnetcoremvc-main\SIMS\Controllers\SearchController.cs" />
        <File uid="57" fullPath="C:\Users\Admin\Downloads\se07201_aspnetcoremvc-main\SIMS\Controllers\SettingsController.cs" />
        <File uid="58" fullPath="C:\Users\Admin\Downloads\se07201_aspnetcoremvc-main\SIMS\Controllers\StudentController.cs" />
        <File uid="59" fullPath="C:\Users\Admin\Downloads\se07201_aspnetcoremvc-main\SIMS\Controllers\UserController.cs" />
      </Files>
      <Classes>
        <Class>
          <Summary numSequencePoints="12" visitedSequencePoints="0" numBranchPoints="12" visitedBranchPoints="0" sequenceCoverage="0" branchCoverage="0" maxCyclomaticComplexity="12" minCyclomaticComplexity="12" visitedClasses="0" numClasses="1" visitedMethods="0" numMethods="1" />
          <FullName>AspNetCoreGeneratedDocument.Views_ActivityLog_Index</FullName>
          <Methods>
            <Method cyclomaticComplexity="12" nPathComplexity="12" sequenceCoverage="0" branchCoverage="0" isConstructor="False" isGetter="False" isSetter="False" isStatic="True">
              <Summary numSequencePoints="12" visitedSequencePoints="0" numBranchPoints="12" visitedBranchPoints="0" sequenceCoverage="0" branchCoverage="0" maxCyclomaticComplexity="12" minCyclomaticComplexity="12" visitedClasses="0" numClasses="0" visitedMethods="0" numMethods="1" />
              <MetadataToken />
              <Name>System.String AspNetCoreGeneratedDocument.Views_ActivityLog_Index::GetActionBadgeClass(System.String)</Name>
              <FileRef uid="1" />
              <SequencePoints>
                <SequencePoint vc="0" uspid="78" ordinal="0" sl="78" sc="1" el="78" ec="2" bec="0" bev="0" fileid="1" />
                <SequencePoint vc="0" uspid="79" ordinal="1" sl="79" sc="1" el="79" ec="2" bec="12" bev="0" fileid="1" />
                <SequencePoint vc="0" uspid="80" ordinal="2" sl="80" sc="1" el="80" ec="2" bec="0" bev="0" fileid="1" />
                <SequencePoint vc="0" uspid="81" ordinal="3" sl="81" sc="1" el="81" ec="2" bec="0" bev="0" fileid="1" />
                <SequencePoint vc="0" uspid="82" ordinal="4" sl="82" sc="1" el="82" ec="2" bec="0" bev="0" fileid="1" />
                <SequencePoint vc="0" uspid="83" ordinal="5" sl="83" sc="1" el="83" ec="2" bec="0" bev="0" fileid="1" />
                <SequencePoint vc="0" uspid="84" ordinal="6" sl="84" sc="1" el="84" ec="2" bec="0" bev="0" fileid="1" />
                <SequencePoint vc="0" uspid="85" ordinal="7" sl="85" sc="1" el="85" ec="2" bec="0" bev="0" fileid="1" />
                <SequencePoint vc="0" uspid="86" ordinal="8" sl="86" sc="1" el="86" ec="2" bec="0" bev="0" fileid="1" />
                <SequencePoint vc="0" uspid="87" ordinal="9" sl="87" sc="1" el="87" ec="2" bec="0" bev="0" fileid="1" />
                <SequencePoint vc="0" uspid="88" ordinal="10" sl="88" sc="1" el="88" ec="2" bec="0" bev="0" fileid="1" />
                <SequencePoint vc="0" uspid="89" ordinal="11" sl="89" sc="1" el="89" ec="2" bec="0" bev="0" fileid="1" />
              </SequencePoints>
              <BranchPoints>
                <BranchPoint vc="0" uspid="79" ordinal="0" path="0" offset="16" offsetend="18" sl="79" fileid="1" />
                <BranchPoint vc="0" uspid="79" ordinal="2" path="0" offset="29" offsetend="31" sl="79" fileid="1" />
                <BranchPoint vc="0" uspid="79" ordinal="4" path="0" offset="42" offsetend="44" sl="79" fileid="1" />
                <BranchPoint vc="0" uspid="79" ordinal="6" path="0" offset="55" offsetend="57" sl="79" fileid="1" />
                <BranchPoint vc="0" uspid="79" ordinal="8" path="0" offset="68" offsetend="70" sl="79" fileid="1" />
                <BranchPoint vc="0" uspid="79" ordinal="1" path="1" offset="16" offsetend="85" sl="79" fileid="1" />
                <BranchPoint vc="0" uspid="79" ordinal="3" path="1" offset="29" offsetend="93" sl="79" fileid="1" />
                <BranchPoint vc="0" uspid="79" ordinal="5" path="1" offset="42" offsetend="101" sl="79" fileid="1" />
                <BranchPoint vc="0" uspid="79" ordinal="7" path="1" offset="55" offsetend="109" sl="79" fileid="1" />
                <BranchPoint vc="0" uspid="79" ordinal="9" path="1" offset="68" offsetend="117" sl="79" fileid="1" />
                <BranchPoint vc="0" uspid="79" ordinal="11" path="1" offset="81" offsetend="125" sl="79" fileid="1" />
                <BranchPoint vc="0" uspid="79" ordinal="10" path="0" offset="81" offsetend="133" sl="79" fileid="1" />
              </BranchPoints>
              <MethodPoint vc="0" uspid="0" p8:type="SequencePoint" ordinal="0" offset="0" sc="0" sl="78" ec="1" el="89" bec="0" bev="0" fileid="1" xmlns:p8="xsi" />
            </Method>
          </Methods>
        </Class>
        <Class>
          <Summary numSequencePoints="17" visitedSequencePoints="0" numBranchPoints="12" visitedBranchPoints="0" sequenceCoverage="0" branchCoverage="0" maxCyclomaticComplexity="12" minCyclomaticComplexity="12" visitedClasses="0" numClasses="1" visitedMethods="0" numMethods="1" />
          <FullName>AspNetCoreGeneratedDocument.Views_ActivityLog_Index/&lt;ExecuteAsync&gt;d__0</FullName>
          <Methods>
            <Method cyclomaticComplexity="12" nPathComplexity="12" sequenceCoverage="0" branchCoverage="0" isConstructor="False" isGetter="False" isSetter="False" isStatic="True">
              <Summary numSequencePoints="17" visitedSequencePoints="0" numBranchPoints="12" visitedBranchPoints="0" sequenceCoverage="0" branchCoverage="0" maxCyclomaticComplexity="12" minCyclomaticComplexity="12" visitedClasses="0" numClasses="0" visitedMethods="0" numMethods="1" />
              <MetadataToken />
              <Name>System.Void AspNetCoreGeneratedDocument.Views_ActivityLog_Index/&lt;ExecuteAsync&gt;d__0::MoveNext()</Name>
              <FileRef uid="1" />
              <SequencePoints>
                <SequencePoint vc="0" uspid="3" ordinal="0" sl="3" sc="1" el="3" ec="2" bec="0" bev="0" fileid="1" />
                <SequencePoint vc="0" uspid="4" ordinal="1" sl="4" sc="1" el="4" ec="2" bec="0" bev="0" fileid="1" />
                <SequencePoint vc="0" uspid="5" ordinal="2" sl="5" sc="1" el="5" ec="2" bec="0" bev="0" fileid="1" />
                <SequencePoint vc="0" uspid="6" ordinal="3" sl="6" sc="1" el="6" ec="2" bec="0" bev="0" fileid="1" />
                <SequencePoint vc="0" uspid="21" ordinal="4" sl="21" sc="1" el="21" ec="2" bec="4" bev="0" fileid="1" />
                <SequencePoint vc="0" uspid="22" ordinal="5" sl="22" sc="1" el="22" ec="2" bec="0" bev="0" fileid="1" />
                <SequencePoint vc="0" uspid="36" ordinal="6" sl="36" sc="1" el="36" ec="2" bec="2" bev="0" fileid="1" />
                <SequencePoint vc="0" uspid="37" ordinal="7" sl="37" sc="1" el="37" ec="2" bec="0" bev="0" fileid="1" />
                <SequencePoint vc="0" uspid="41" ordinal="8" sl="41" sc="1" el="41" ec="2" bec="2" bev="0" fileid="1" />
                <SequencePoint vc="0" uspid="42" ordinal="9" sl="42" sc="1" el="42" ec="2" bec="0" bev="0" fileid="1" />
                <SequencePoint vc="0" uspid="44" ordinal="10" sl="44" sc="1" el="44" ec="2" bec="0" bev="0" fileid="1" />
                <SequencePoint vc="0" uspid="46" ordinal="11" sl="46" sc="1" el="46" ec="2" bec="0" bev="0" fileid="1" />
                <SequencePoint vc="0" uspid="48" ordinal="12" sl="48" sc="1" el="48" ec="2" bec="4" bev="0" fileid="1" />
                <SequencePoint vc="0" uspid="59" ordinal="13" sl="59" sc="1" el="59" ec="2" bec="0" bev="0" fileid="1" />
                <SequencePoint vc="0" uspid="63" ordinal="14" sl="63" sc="1" el="63" ec="2" bec="0" bev="0" fileid="1" />
                <SequencePoint vc="0" uspid="65" ordinal="15" sl="65" sc="1" el="65" ec="2" bec="0" bev="0" fileid="1" />
                <SequencePoint vc="0" uspid="69" ordinal="16" sl="69" sc="1" el="69" ec="2" bec="0" bev="0" fileid="1" />
              </SequencePoints>
              <BranchPoints>
                <BranchPoint vc="0" uspid="21" ordinal="0" path="0" offset="134" offsetend="136" sl="21" fileid="1" />
                <BranchPoint vc="0" uspid="21" ordinal="1" path="1" offset="134" offsetend="154" sl="21" fileid="1" />
                <BranchPoint vc="0" uspid="21" ordinal="2" path="0" offset="157" offsetend="162" sl="21" fileid="1" />
                <BranchPoint vc="0" uspid="36" ordinal="11" path="1" offset="801" offsetend="208" sl="36" fileid="1" />
                <BranchPoint vc="0" uspid="41" ordinal="4" path="0" offset="312" offsetend="314" sl="41" fileid="1" />
                <BranchPoint vc="0" uspid="41" ordinal="5" path="1" offset="312" offsetend="375" sl="41" fileid="1" />
                <BranchPoint vc="0" uspid="48" ordinal="6" path="0" offset="702" offsetend="704" sl="48" fileid="1" />
                <BranchPoint vc="0" uspid="48" ordinal="7" path="1" offset="702" offsetend="710" sl="48" fileid="1" />
                <BranchPoint vc="0" uspid="48" ordinal="8" path="0" offset="751" offsetend="753" sl="48" fileid="1" />
                <BranchPoint vc="0" uspid="48" ordinal="9" path="1" offset="751" offsetend="759" sl="48" fileid="1" />
                <BranchPoint vc="0" uspid="36" ordinal="10" path="0" offset="801" offsetend="806" sl="36" fileid="1" />
                <BranchPoint vc="0" uspid="21" ordinal="3" path="1" offset="157" offsetend="860" sl="21" fileid="1" />
              </BranchPoints>
              <MethodPoint vc="0" uspid="0" p8:type="SequencePoint" ordinal="0" offset="0" sc="0" sl="3" ec="1" el="69" bec="0" bev="0" fileid="1" xmlns:p8="xsi" />
            </Method>
          </Methods>
        </Class>
        <Class>
          <Summary numSequencePoints="1" visitedSequencePoints="0" numBranchPoints="4" visitedBranchPoints="0" sequenceCoverage="0" branchCoverage="0" maxCyclomaticComplexity="4" minCyclomaticComplexity="4" visitedClasses="0" numClasses="1" visitedMethods="0" numMethods="1" />
          <FullName>AspNetCoreGeneratedDocument.Views_Authentication_AccessDenied/&lt;ExecuteAsync&gt;d__12</FullName>
          <Methods>
            <Method cyclomaticComplexity="4" nPathComplexity="4" sequenceCoverage="0" branchCoverage="0" isConstructor="False" isGetter="False" isSetter="False" isStatic="True">
              <Summary numSequencePoints="1" visitedSequencePoints="0" numBranchPoints="4" visitedBranchPoints="0" sequenceCoverage="0" branchCoverage="0" maxCyclomaticComplexity="4" minCyclomaticComplexity="4" visitedClasses="0" numClasses="0" visitedMethods="0" numMethods="1" />
              <MetadataToken />
              <Name>System.Void AspNetCoreGeneratedDocument.Views_Authentication_AccessDenied/&lt;ExecuteAsync&gt;d__12::MoveNext()</Name>
              <FileRef uid="2" />
              <SequencePoints>
                <SequencePoint vc="0" uspid="5" ordinal="0" sl="5" sc="1" el="5" ec="2" bec="4" bev="0" fileid="2" />
              </SequencePoints>
              <BranchPoints>
                <BranchPoint vc="0" uspid="5" ordinal="0" path="0" offset="330" offsetend="332" sl="5" fileid="2" />
                <BranchPoint vc="0" uspid="5" ordinal="1" path="1" offset="330" offsetend="443" sl="5" fileid="2" />
                <BranchPoint vc="0" uspid="5" ordinal="2" path="0" offset="768" offsetend="770" sl="5" fileid="2" />
                <BranchPoint vc="0" uspid="5" ordinal="3" path="1" offset="768" offsetend="881" sl="5" fileid="2" />
              </BranchPoints>
              <MethodPoint vc="0" uspid="0" p8:type="SequencePoint" ordinal="0" offset="0" sc="0" sl="5" ec="1" el="5" bec="0" bev="0" fileid="2" xmlns:p8="xsi" />
            </Method>
          </Methods>
        </Class>
        <Class>
          <Summary numSequencePoints="1" visitedSequencePoints="0" numBranchPoints="0" visitedBranchPoints="0" sequenceCoverage="0" branchCoverage="100" maxCyclomaticComplexity="1" minCyclomaticComplexity="1" visitedClasses="0" numClasses="1" visitedMethods="0" numMethods="1" />
          <FullName>AspNetCoreGeneratedDocument.Views_Course_Add/&lt;&lt;ExecuteAsync&gt;b__28_1&gt;d</FullName>
          <Methods>
            <Method cyclomaticComplexity="1" nPathComplexity="1" sequenceCoverage="0" branchCoverage="100" isConstructor="False" isGetter="False" isSetter="False" isStatic="True">
              <Summary numSequencePoints="1" visitedSequencePoints="0" numBranchPoints="0" visitedBranchPoints="0" sequenceCoverage="0" branchCoverage="100" maxCyclomaticComplexity="1" minCyclomaticComplexity="1" visitedClasses="0" numClasses="0" visitedMethods="0" numMethods="1" />
              <MetadataToken />
              <Name>System.Void AspNetCoreGeneratedDocument.Views_Course_Add/&lt;&lt;ExecuteAsync&gt;b__28_1&gt;d::MoveNext()</Name>
              <FileRef uid="3" />
              <SequencePoints>
                <SequencePoint vc="0" uspid="79" ordinal="0" sl="79" sc="1" el="79" ec="2" bec="0" bev="0" fileid="3" />
              </SequencePoints>
              <BranchPoints />
              <MethodPoint vc="0" uspid="0" p8:type="SequencePoint" ordinal="0" offset="0" sc="0" sl="79" ec="1" el="79" bec="0" bev="0" fileid="3" xmlns:p8="xsi" />
            </Method>
          </Methods>
        </Class>
        <Class>
          <Summary numSequencePoints="4" visitedSequencePoints="0" numBranchPoints="2" visitedBranchPoints="0" sequenceCoverage="0" branchCoverage="0" maxCyclomaticComplexity="2" minCyclomaticComplexity="2" visitedClasses="0" numClasses="1" visitedMethods="0" numMethods="1" />
          <FullName>AspNetCoreGeneratedDocument.Views_Course_Add/&lt;ExecuteAsync&gt;d__28</FullName>
          <Methods>
            <Method cyclomaticComplexity="2" nPathComplexity="2" sequenceCoverage="0" branchCoverage="0" isConstructor="False" isGetter="False" isSetter="False" isStatic="True">
              <Summary numSequencePoints="4" visitedSequencePoints="0" numBranchPoints="2" visitedBranchPoints="0" sequenceCoverage="0" branchCoverage="0" maxCyclomaticComplexity="2" minCyclomaticComplexity="2" visitedClasses="0" numClasses="0" visitedMethods="0" numMethods="1" />
              <MetadataToken />
              <Name>System.Void AspNetCoreGeneratedDocument.Views_Course_Add/&lt;ExecuteAsync&gt;d__28::MoveNext()</Name>
              <FileRef uid="3" />
              <SequencePoints>
                <SequencePoint vc="0" uspid="3" ordinal="0" sl="3" sc="1" el="3" ec="2" bec="0" bev="0" fileid="3" />
                <SequencePoint vc="0" uspid="4" ordinal="1" sl="4" sc="1" el="4" ec="2" bec="0" bev="0" fileid="3" />
                <SequencePoint vc="0" uspid="5" ordinal="2" sl="5" sc="1" el="5" ec="2" bec="0" bev="0" fileid="3" />
                <SequencePoint vc="0" uspid="6" ordinal="3" sl="6" sc="1" el="6" ec="2" bec="2" bev="0" fileid="3" />
              </SequencePoints>
              <BranchPoints>
                <BranchPoint vc="0" uspid="6" ordinal="0" path="0" offset="550" offsetend="552" sl="6" fileid="3" />
                <BranchPoint vc="0" uspid="6" ordinal="1" path="1" offset="550" offsetend="663" sl="6" fileid="3" />
              </BranchPoints>
              <MethodPoint vc="0" uspid="0" p8:type="SequencePoint" ordinal="0" offset="0" sc="0" sl="3" ec="1" el="6" bec="0" bev="0" fileid="3" xmlns:p8="xsi" />
            </Method>
          </Methods>
        </Class>
        <Class>
          <Summary numSequencePoints="5" visitedSequencePoints="0" numBranchPoints="14" visitedBranchPoints="0" sequenceCoverage="0" branchCoverage="0" maxCyclomaticComplexity="14" minCyclomaticComplexity="14" visitedClasses="0" numClasses="1" visitedMethods="0" numMethods="1" />
          <FullName>AspNetCoreGeneratedDocument.Views_Course_AssignStudents/&lt;&lt;ExecuteAsync&gt;b__36_0&gt;d</FullName>
          <Methods>
            <Method cyclomaticComplexity="14" nPathComplexity="14" sequenceCoverage="0" branchCoverage="0" isConstructor="False" isGetter="False" isSetter="False" isStatic="True">
              <Summary numSequencePoints="5" visitedSequencePoints="0" numBranchPoints="14" visitedBranchPoints="0" sequenceCoverage="0" branchCoverage="0" maxCyclomaticComplexity="14" minCyclomaticComplexity="14" visitedClasses="0" numClasses="0" visitedMethods="0" numMethods="1" />
              <MetadataToken />
              <Name>System.Void AspNetCoreGeneratedDocument.Views_Course_AssignStudents/&lt;&lt;ExecuteAsync&gt;b__36_0&gt;d::MoveNext()</Name>
              <FileRef uid="4" />
              <SequencePoints>
                <SequencePoint vc="0" uspid="64" ordinal="0" sl="64" sc="1" el="64" ec="2" bec="14" bev="0" fileid="4" />
                <SequencePoint vc="0" uspid="65" ordinal="1" sl="65" sc="1" el="65" ec="2" bec="0" bev="0" fileid="4" />
                <SequencePoint vc="0" uspid="69" ordinal="2" sl="69" sc="1" el="69" ec="2" bec="0" bev="0" fileid="4" />
                <SequencePoint vc="0" uspid="71" ordinal="3" sl="71" sc="1" el="71" ec="2" bec="0" bev="0" fileid="4" />
                <SequencePoint vc="0" uspid="75" ordinal="4" sl="75" sc="1" el="75" ec="2" bec="0" bev="0" fileid="4" />
              </SequencePoints>
              <BranchPoints>
                <BranchPoint vc="0" uspid="64" ordinal="0" path="0" offset="599" offsetend="601" sl="64" fileid="4" />
                <BranchPoint vc="0" uspid="64" ordinal="1" path="1" offset="599" offsetend="712" sl="64" fileid="4" />
                <BranchPoint vc="0" uspid="64" ordinal="2" path="0" offset="1245" offsetend="1247" sl="64" fileid="4" />
                <BranchPoint vc="0" uspid="64" ordinal="3" path="1" offset="1245" offsetend="1358" sl="64" fileid="4" />
                <BranchPoint vc="0" uspid="64" ordinal="4" path="0" offset="1891" offsetend="1893" sl="64" fileid="4" />
                <BranchPoint vc="0" uspid="64" ordinal="5" path="1" offset="1891" offsetend="2004" sl="64" fileid="4" />
                <BranchPoint vc="0" uspid="64" ordinal="6" path="0" offset="2491" offsetend="2493" sl="64" fileid="4" />
                <BranchPoint vc="0" uspid="64" ordinal="7" path="1" offset="2491" offsetend="2604" sl="64" fileid="4" />
                <BranchPoint vc="0" uspid="64" ordinal="8" path="0" offset="3175" offsetend="3177" sl="64" fileid="4" />
                <BranchPoint vc="0" uspid="64" ordinal="9" path="1" offset="3175" offsetend="3289" sl="64" fileid="4" />
                <BranchPoint vc="0" uspid="64" ordinal="10" path="0" offset="3791" offsetend="3793" sl="64" fileid="4" />
                <BranchPoint vc="0" uspid="64" ordinal="11" path="1" offset="3791" offsetend="3905" sl="64" fileid="4" />
                <BranchPoint vc="0" uspid="64" ordinal="12" path="0" offset="4005" offsetend="4007" sl="64" fileid="4" />
                <BranchPoint vc="0" uspid="64" ordinal="13" path="1" offset="4005" offsetend="4028" sl="64" fileid="4" />
              </BranchPoints>
              <MethodPoint vc="0" uspid="0" p8:type="SequencePoint" ordinal="0" offset="0" sc="0" sl="64" ec="1" el="75" bec="0" bev="0" fileid="4" xmlns:p8="xsi" />
            </Method>
          </Methods>
        </Class>
        <Class>
          <Summary numSequencePoints="3" visitedSequencePoints="0" numBranchPoints="6" visitedBranchPoints="0" sequenceCoverage="0" branchCoverage="0" maxCyclomaticComplexity="6" minCyclomaticComplexity="6" visitedClasses="0" numClasses="1" visitedMethods="0" numMethods="1" />
          <FullName>AspNetCoreGeneratedDocument.Views_Course_AssignStudents/&lt;&lt;ExecuteAsync&gt;b__36_10&gt;d</FullName>
          <Methods>
            <Method cyclomaticComplexity="6" nPathComplexity="6" sequenceCoverage="0" branchCoverage="0" isConstructor="False" isGetter="False" isSetter="False" isStatic="True">
              <Summary numSequencePoints="3" visitedSequencePoints="0" numBranchPoints="6" visitedBranchPoints="0" sequenceCoverage="0" branchCoverage="0" maxCyclomaticComplexity="6" minCyclomaticComplexity="6" visitedClasses="0" numClasses="0" visitedMethods="0" numMethods="1" />
              <MetadataToken />
              <Name>System.Void AspNetCoreGeneratedDocument.Views_Course_AssignStudents/&lt;&lt;ExecuteAsync&gt;b__36_10&gt;d::MoveNext()</Name>
              <FileRef uid="4" />
              <SequencePoints>
                <SequencePoint vc="0" uspid="56" ordinal="0" sl="56" sc="1" el="56" ec="2" bec="4" bev="0" fileid="4" />
                <SequencePoint vc="0" uspid="57" ordinal="1" sl="57" sc="1" el="57" ec="2" bec="2" bev="0" fileid="4" />
                <SequencePoint vc="0" uspid="59" ordinal="2" sl="59" sc="1" el="59" ec="2" bec="0" bev="0" fileid="4" />
              </SequencePoints>
              <BranchPoints>
                <BranchPoint vc="0" uspid="56" ordinal="0" path="0" offset="366" offsetend="368" sl="56" fileid="4" />
                <BranchPoint vc="0" uspid="56" ordinal="1" path="1" offset="366" offsetend="479" sl="56" fileid="4" />
                <BranchPoint vc="0" uspid="56" ordinal="5" path="1" offset="1266" offsetend="607" sl="56" fileid="4" />
                <BranchPoint vc="0" uspid="57" ordinal="2" path="0" offset="1062" offsetend="1064" sl="57" fileid="4" />
                <BranchPoint vc="0" uspid="57" ordinal="3" path="1" offset="1062" offsetend="1175" sl="57" fileid="4" />
                <BranchPoint vc="0" uspid="56" ordinal="4" path="0" offset="1266" offsetend="1271" sl="56" fileid="4" />
              </BranchPoints>
              <MethodPoint vc="0" uspid="0" p8:type="SequencePoint" ordinal="0" offset="0" sc="0" sl="56" ec="1" el="59" bec="0" bev="0" fileid="4" xmlns:p8="xsi" />
            </Method>
          </Methods>
        </Class>
        <Class>
          <Summary numSequencePoints="1" visitedSequencePoints="0" numBranchPoints="0" visitedBranchPoints="0" sequenceCoverage="0" branchCoverage="100" maxCyclomaticComplexity="1" minCyclomaticComplexity="1" visitedClasses="0" numClasses="1" visitedMethods="0" numMethods="1" />
          <FullName>AspNetCoreGeneratedDocument.Views_Course_AssignStudents/&lt;&lt;ExecuteAsync&gt;b__36_1&gt;d</FullName>
          <Methods>
            <Method cyclomaticComplexity="1" nPathComplexity="1" sequenceCoverage="0" branchCoverage="100" isConstructor="False" isGetter="False" isSetter="False" isStatic="True">
              <Summary numSequencePoints="1" visitedSequencePoints="0" numBranchPoints="0" visitedBranchPoints="0" sequenceCoverage="0" branchCoverage="100" maxCyclomaticComplexity="1" minCyclomaticComplexity="1" visitedClasses="0" numClasses="0" visitedMethods="0" numMethods="1" />
              <MetadataToken />
              <Name>System.Void AspNetCoreGeneratedDocument.Views_Course_AssignStudents/&lt;&lt;ExecuteAsync&gt;b__36_1&gt;d::MoveNext()</Name>
              <FileRef uid="4" />
              <SequencePoints>
                <SequencePoint vc="0" uspid="287" ordinal="0" sl="287" sc="1" el="287" ec="2" bec="0" bev="0" fileid="4" />
              </SequencePoints>
              <BranchPoints />
              <MethodPoint vc="0" uspid="0" p8:type="SequencePoint" ordinal="0" offset="0" sc="0" sl="287" ec="1" el="287" bec="0" bev="0" fileid="4" xmlns:p8="xsi" />
            </Method>
          </Methods>
        </Class>
        <Class>
          <Summary numSequencePoints="60" visitedSequencePoints="0" numBranchPoints="74" visitedBranchPoints="0" sequenceCoverage="0" branchCoverage="0" maxCyclomaticComplexity="74" minCyclomaticComplexity="74" visitedClasses="0" numClasses="1" visitedMethods="0" numMethods="1" />
          <FullName>AspNetCoreGeneratedDocument.Views_Course_AssignStudents/&lt;&gt;c__DisplayClass36_1/&lt;&lt;ExecuteAsync&gt;b__17&gt;d</FullName>
          <Methods>
            <Method cyclomaticComplexity="74" nPathComplexity="74" sequenceCoverage="0" branchCoverage="0" isConstructor="False" isGetter="False" isSetter="False" isStatic="True">
              <Summary numSequencePoints="60" visitedSequencePoints="0" numBranchPoints="74" visitedBranchPoints="0" sequenceCoverage="0" branchCoverage="0" maxCyclomaticComplexity="74" minCyclomaticComplexity="74" visitedClasses="0" numClasses="0" visitedMethods="0" numMethods="1" />
              <MetadataToken />
              <Name>System.Void AspNetCoreGeneratedDocument.Views_Course_AssignStudents/&lt;&gt;c__DisplayClass36_1/&lt;&lt;ExecuteAsync&gt;b__17&gt;d::MoveNext()</Name>
              <FileRef uid="4" />
              <SequencePoints>
                <SequencePoint vc="0" uspid="160" ordinal="0" sl="160" sc="1" el="160" ec="2" bec="4" bev="0" fileid="4" />
                <SequencePoint vc="0" uspid="161" ordinal="1" sl="161" sc="1" el="161" ec="2" bec="2" bev="0" fileid="4" />
                <SequencePoint vc="0" uspid="163" ordinal="2" sl="163" sc="1" el="163" ec="2" bec="0" bev="0" fileid="4" />
                <SequencePoint vc="0" uspid="165" ordinal="3" sl="165" sc="1" el="165" ec="2" bec="2" bev="0" fileid="4" />
                <SequencePoint vc="0" uspid="167" ordinal="4" sl="167" sc="1" el="167" ec="2" bec="0" bev="0" fileid="4" />
                <SequencePoint vc="0" uspid="168" ordinal="5" sl="168" sc="1" el="168" ec="2" bec="2" bev="0" fileid="4" />
                <SequencePoint vc="0" uspid="169" ordinal="6" sl="169" sc="1" el="169" ec="2" bec="2" bev="0" fileid="4" />
                <SequencePoint vc="0" uspid="171" ordinal="7" sl="171" sc="1" el="171" ec="2" bec="0" bev="0" fileid="4" />
                <SequencePoint vc="0" uspid="173" ordinal="8" sl="173" sc="1" el="173" ec="2" bec="2" bev="0" fileid="4" />
                <SequencePoint vc="0" uspid="175" ordinal="9" sl="175" sc="1" el="175" ec="2" bec="0" bev="0" fileid="4" />
                <SequencePoint vc="0" uspid="176" ordinal="10" sl="176" sc="1" el="176" ec="2" bec="2" bev="0" fileid="4" />
                <SequencePoint vc="0" uspid="177" ordinal="11" sl="177" sc="1" el="177" ec="2" bec="2" bev="0" fileid="4" />
                <SequencePoint vc="0" uspid="179" ordinal="12" sl="179" sc="1" el="179" ec="2" bec="0" bev="0" fileid="4" />
                <SequencePoint vc="0" uspid="181" ordinal="13" sl="181" sc="1" el="181" ec="2" bec="2" bev="0" fileid="4" />
                <SequencePoint vc="0" uspid="183" ordinal="14" sl="183" sc="1" el="183" ec="2" bec="0" bev="0" fileid="4" />
                <SequencePoint vc="0" uspid="184" ordinal="15" sl="184" sc="1" el="184" ec="2" bec="2" bev="0" fileid="4" />
                <SequencePoint vc="0" uspid="185" ordinal="16" sl="185" sc="1" el="185" ec="2" bec="2" bev="0" fileid="4" />
                <SequencePoint vc="0" uspid="187" ordinal="17" sl="187" sc="1" el="187" ec="2" bec="0" bev="0" fileid="4" />
                <SequencePoint vc="0" uspid="189" ordinal="18" sl="189" sc="1" el="189" ec="2" bec="2" bev="0" fileid="4" />
                <SequencePoint vc="0" uspid="191" ordinal="19" sl="191" sc="1" el="191" ec="2" bec="0" bev="0" fileid="4" />
                <SequencePoint vc="0" uspid="192" ordinal="20" sl="192" sc="1" el="192" ec="2" bec="2" bev="0" fileid="4" />
                <SequencePoint vc="0" uspid="193" ordinal="21" sl="193" sc="1" el="193" ec="2" bec="2" bev="0" fileid="4" />
                <SequencePoint vc="0" uspid="195" ordinal="22" sl="195" sc="1" el="195" ec="2" bec="0" bev="0" fileid="4" />
                <SequencePoint vc="0" uspid="197" ordinal="23" sl="197" sc="1" el="197" ec="2" bec="2" bev="0" fileid="4" />
                <SequencePoint vc="0" uspid="199" ordinal="24" sl="199" sc="1" el="199" ec="2" bec="0" bev="0" fileid="4" />
                <SequencePoint vc="0" uspid="200" ordinal="25" sl="200" sc="1" el="200" ec="2" bec="2" bev="0" fileid="4" />
                <SequencePoint vc="0" uspid="201" ordinal="26" sl="201" sc="1" el="201" ec="2" bec="2" bev="0" fileid="4" />
                <SequencePoint vc="0" uspid="203" ordinal="27" sl="203" sc="1" el="203" ec="2" bec="0" bev="0" fileid="4" />
                <SequencePoint vc="0" uspid="205" ordinal="28" sl="205" sc="1" el="205" ec="2" bec="2" bev="0" fileid="4" />
                <SequencePoint vc="0" uspid="207" ordinal="29" sl="207" sc="1" el="207" ec="2" bec="0" bev="0" fileid="4" />
                <SequencePoint vc="0" uspid="208" ordinal="30" sl="208" sc="1" el="208" ec="2" bec="2" bev="0" fileid="4" />
                <SequencePoint vc="0" uspid="209" ordinal="31" sl="209" sc="1" el="209" ec="2" bec="2" bev="0" fileid="4" />
                <SequencePoint vc="0" uspid="211" ordinal="32" sl="211" sc="1" el="211" ec="2" bec="0" bev="0" fileid="4" />
                <SequencePoint vc="0" uspid="213" ordinal="33" sl="213" sc="1" el="213" ec="2" bec="2" bev="0" fileid="4" />
                <SequencePoint vc="0" uspid="215" ordinal="34" sl="215" sc="1" el="215" ec="2" bec="0" bev="0" fileid="4" />
                <SequencePoint vc="0" uspid="216" ordinal="35" sl="216" sc="1" el="216" ec="2" bec="2" bev="0" fileid="4" />
                <SequencePoint vc="0" uspid="217" ordinal="36" sl="217" sc="1" el="217" ec="2" bec="2" bev="0" fileid="4" />
                <SequencePoint vc="0" uspid="219" ordinal="37" sl="219" sc="1" el="219" ec="2" bec="0" bev="0" fileid="4" />
                <SequencePoint vc="0" uspid="221" ordinal="38" sl="221" sc="1" el="221" ec="2" bec="2" bev="0" fileid="4" />
                <SequencePoint vc="0" uspid="223" ordinal="39" sl="223" sc="1" el="223" ec="2" bec="0" bev="0" fileid="4" />
                <SequencePoint vc="0" uspid="224" ordinal="40" sl="224" sc="1" el="224" ec="2" bec="2" bev="0" fileid="4" />
                <SequencePoint vc="0" uspid="225" ordinal="41" sl="225" sc="1" el="225" ec="2" bec="2" bev="0" fileid="4" />
                <SequencePoint vc="0" uspid="227" ordinal="42" sl="227" sc="1" el="227" ec="2" bec="0" bev="0" fileid="4" />
                <SequencePoint vc="0" uspid="229" ordinal="43" sl="229" sc="1" el="229" ec="2" bec="2" bev="0" fileid="4" />
                <SequencePoint vc="0" uspid="231" ordinal="44" sl="231" sc="1" el="231" ec="2" bec="0" bev="0" fileid="4" />
                <SequencePoint vc="0" uspid="232" ordinal="45" sl="232" sc="1" el="232" ec="2" bec="2" bev="0" fileid="4" />
                <SequencePoint vc="0" uspid="233" ordinal="46" sl="233" sc="1" el="233" ec="2" bec="2" bev="0" fileid="4" />
                <SequencePoint vc="0" uspid="235" ordinal="47" sl="235" sc="1" el="235" ec="2" bec="0" bev="0" fileid="4" />
                <SequencePoint vc="0" uspid="237" ordinal="48" sl="237" sc="1" el="237" ec="2" bec="2" bev="0" fileid="4" />
                <SequencePoint vc="0" uspid="239" ordinal="49" sl="239" sc="1" el="239" ec="2" bec="0" bev="0" fileid="4" />
                <SequencePoint vc="0" uspid="240" ordinal="50" sl="240" sc="1" el="240" ec="2" bec="2" bev="0" fileid="4" />
                <SequencePoint vc="0" uspid="241" ordinal="51" sl="241" sc="1" el="241" ec="2" bec="2" bev="0" fileid="4" />
                <SequencePoint vc="0" uspid="243" ordinal="52" sl="243" sc="1" el="243" ec="2" bec="0" bev="0" fileid="4" />
                <SequencePoint vc="0" uspid="245" ordinal="53" sl="245" sc="1" el="245" ec="2" bec="2" bev="0" fileid="4" />
                <SequencePoint vc="0" uspid="247" ordinal="54" sl="247" sc="1" el="247" ec="2" bec="0" bev="0" fileid="4" />
                <SequencePoint vc="0" uspid="248" ordinal="55" sl="248" sc="1" el="248" ec="2" bec="2" bev="0" fileid="4" />
                <SequencePoint vc="0" uspid="249" ordinal="56" sl="249" sc="1" el="249" ec="2" bec="2" bev="0" fileid="4" />
                <SequencePoint vc="0" uspid="251" ordinal="57" sl="251" sc="1" el="251" ec="2" bec="0" bev="0" fileid="4" />
                <SequencePoint vc="0" uspid="253" ordinal="58" sl="253" sc="1" el="253" ec="2" bec="2" bev="0" fileid="4" />
                <SequencePoint vc="0" uspid="255" ordinal="59" sl="255" sc="1" el="255" ec="2" bec="0" bev="0" fileid="4" />
              </SequencePoints>
              <BranchPoints>
                <BranchPoint vc="0" uspid="160" ordinal="0" path="0" offset="1488" offsetend="1490" sl="160" fileid="4" />
                <BranchPoint vc="0" uspid="160" ordinal="1" path="1" offset="1488" offsetend="1606" sl="160" fileid="4" />
                <BranchPoint vc="0" uspid="160" ordinal="2" path="0" offset="1733" offsetend="1738" sl="160" fileid="4" />
                <BranchPoint vc="0" uspid="161" ordinal="4" path="0" offset="2242" offsetend="2244" sl="161" fileid="4" />
                <BranchPoint vc="0" uspid="161" ordinal="5" path="1" offset="2242" offsetend="2360" sl="161" fileid="4" />
                <BranchPoint vc="0" uspid="160" ordinal="3" path="1" offset="1733" offsetend="2463" sl="160" fileid="4" />
                <BranchPoint vc="0" uspid="165" ordinal="6" path="0" offset="2853" offsetend="2855" sl="165" fileid="4" />
                <BranchPoint vc="0" uspid="165" ordinal="7" path="1" offset="2853" offsetend="2971" sl="165" fileid="4" />
                <BranchPoint vc="0" uspid="168" ordinal="8" path="0" offset="3099" offsetend="3104" sl="168" fileid="4" />
                <BranchPoint vc="0" uspid="169" ordinal="10" path="0" offset="3608" offsetend="3610" sl="169" fileid="4" />
                <BranchPoint vc="0" uspid="169" ordinal="11" path="1" offset="3608" offsetend="3726" sl="169" fileid="4" />
                <BranchPoint vc="0" uspid="168" ordinal="9" path="1" offset="3099" offsetend="3829" sl="168" fileid="4" />
                <BranchPoint vc="0" uspid="173" ordinal="12" path="0" offset="4219" offsetend="4221" sl="173" fileid="4" />
                <BranchPoint vc="0" uspid="173" ordinal="13" path="1" offset="4219" offsetend="4338" sl="173" fileid="4" />
                <BranchPoint vc="0" uspid="176" ordinal="14" path="0" offset="4466" offsetend="4471" sl="176" fileid="4" />
                <BranchPoint vc="0" uspid="177" ordinal="16" path="0" offset="4976" offsetend="4978" sl="177" fileid="4" />
                <BranchPoint vc="0" uspid="177" ordinal="17" path="1" offset="4976" offsetend="5095" sl="177" fileid="4" />
                <BranchPoint vc="0" uspid="176" ordinal="15" path="1" offset="4466" offsetend="5198" sl="176" fileid="4" />
                <BranchPoint vc="0" uspid="181" ordinal="18" path="0" offset="5589" offsetend="5591" sl="181" fileid="4" />
                <BranchPoint vc="0" uspid="181" ordinal="19" path="1" offset="5589" offsetend="5708" sl="181" fileid="4" />
                <BranchPoint vc="0" uspid="184" ordinal="20" path="0" offset="5836" offsetend="5841" sl="184" fileid="4" />
                <BranchPoint vc="0" uspid="185" ordinal="22" path="0" offset="6346" offsetend="6348" sl="185" fileid="4" />
                <BranchPoint vc="0" uspid="185" ordinal="23" path="1" offset="6346" offsetend="6465" sl="185" fileid="4" />
                <BranchPoint vc="0" uspid="184" ordinal="21" path="1" offset="5836" offsetend="6568" sl="184" fileid="4" />
                <BranchPoint vc="0" uspid="189" ordinal="24" path="0" offset="6959" offsetend="6961" sl="189" fileid="4" />
                <BranchPoint vc="0" uspid="189" ordinal="25" path="1" offset="6959" offsetend="7078" sl="189" fileid="4" />
                <BranchPoint vc="0" uspid="192" ordinal="26" path="0" offset="7206" offsetend="7211" sl="192" fileid="4" />
                <BranchPoint vc="0" uspid="193" ordinal="28" path="0" offset="7716" offsetend="7718" sl="193" fileid="4" />
                <BranchPoint vc="0" uspid="193" ordinal="29" path="1" offset="7716" offsetend="7835" sl="193" fileid="4" />
                <BranchPoint vc="0" uspid="192" ordinal="27" path="1" offset="7206" offsetend="7938" sl="192" fileid="4" />
                <BranchPoint vc="0" uspid="197" ordinal="30" path="0" offset="8329" offsetend="8331" sl="197" fileid="4" />
                <BranchPoint vc="0" uspid="197" ordinal="31" path="1" offset="8329" offsetend="8448" sl="197" fileid="4" />
                <BranchPoint vc="0" uspid="200" ordinal="32" path="0" offset="8576" offsetend="8581" sl="200" fileid="4" />
                <BranchPoint vc="0" uspid="201" ordinal="34" path="0" offset="9086" offsetend="9088" sl="201" fileid="4" />
                <BranchPoint vc="0" uspid="201" ordinal="35" path="1" offset="9086" offsetend="9205" sl="201" fileid="4" />
                <BranchPoint vc="0" uspid="200" ordinal="33" path="1" offset="8576" offsetend="9308" sl="200" fileid="4" />
                <BranchPoint vc="0" uspid="205" ordinal="36" path="0" offset="9699" offsetend="9701" sl="205" fileid="4" />
                <BranchPoint vc="0" uspid="205" ordinal="37" path="1" offset="9699" offsetend="9818" sl="205" fileid="4" />
                <BranchPoint vc="0" uspid="208" ordinal="38" path="0" offset="9946" offsetend="9951" sl="208" fileid="4" />
                <BranchPoint vc="0" uspid="209" ordinal="40" path="0" offset="10456" offsetend="10458" sl="209" fileid="4" />
                <BranchPoint vc="0" uspid="209" ordinal="41" path="1" offset="10456" offsetend="10575" sl="209" fileid="4" />
                <BranchPoint vc="0" uspid="208" ordinal="39" path="1" offset="9946" offsetend="10678" sl="208" fileid="4" />
                <BranchPoint vc="0" uspid="213" ordinal="42" path="0" offset="11069" offsetend="11071" sl="213" fileid="4" />
                <BranchPoint vc="0" uspid="213" ordinal="43" path="1" offset="11069" offsetend="11188" sl="213" fileid="4" />
                <BranchPoint vc="0" uspid="216" ordinal="44" path="0" offset="11316" offsetend="11321" sl="216" fileid="4" />
                <BranchPoint vc="0" uspid="217" ordinal="46" path="0" offset="11826" offsetend="11828" sl="217" fileid="4" />
                <BranchPoint vc="0" uspid="217" ordinal="47" path="1" offset="11826" offsetend="11945" sl="217" fileid="4" />
                <BranchPoint vc="0" uspid="216" ordinal="45" path="1" offset="11316" offsetend="12048" sl="216" fileid="4" />
                <BranchPoint vc="0" uspid="221" ordinal="48" path="0" offset="12439" offsetend="12441" sl="221" fileid="4" />
                <BranchPoint vc="0" uspid="221" ordinal="49" path="1" offset="12439" offsetend="12558" sl="221" fileid="4" />
                <BranchPoint vc="0" uspid="224" ordinal="50" path="0" offset="12686" offsetend="12691" sl="224" fileid="4" />
                <BranchPoint vc="0" uspid="225" ordinal="52" path="0" offset="13196" offsetend="13198" sl="225" fileid="4" />
                <BranchPoint vc="0" uspid="225" ordinal="53" path="1" offset="13196" offsetend="13315" sl="225" fileid="4" />
                <BranchPoint vc="0" uspid="224" ordinal="51" path="1" offset="12686" offsetend="13418" sl="224" fileid="4" />
                <BranchPoint vc="0" uspid="229" ordinal="54" path="0" offset="13809" offsetend="13811" sl="229" fileid="4" />
                <BranchPoint vc="0" uspid="229" ordinal="55" path="1" offset="13809" offsetend="13928" sl="229" fileid="4" />
                <BranchPoint vc="0" uspid="232" ordinal="56" path="0" offset="14056" offsetend="14061" sl="232" fileid="4" />
                <BranchPoint vc="0" uspid="233" ordinal="58" path="0" offset="14566" offsetend="14568" sl="233" fileid="4" />
                <BranchPoint vc="0" uspid="233" ordinal="59" path="1" offset="14566" offsetend="14685" sl="233" fileid="4" />
                <BranchPoint vc="0" uspid="232" ordinal="57" path="1" offset="14056" offsetend="14788" sl="232" fileid="4" />
                <BranchPoint vc="0" uspid="237" ordinal="60" path="0" offset="15179" offsetend="15181" sl="237" fileid="4" />
                <BranchPoint vc="0" uspid="237" ordinal="61" path="1" offset="15179" offsetend="15298" sl="237" fileid="4" />
                <BranchPoint vc="0" uspid="240" ordinal="62" path="0" offset="15426" offsetend="15431" sl="240" fileid="4" />
                <BranchPoint vc="0" uspid="241" ordinal="64" path="0" offset="15936" offsetend="15938" sl="241" fileid="4" />
                <BranchPoint vc="0" uspid="241" ordinal="65" path="1" offset="15936" offsetend="16055" sl="241" fileid="4" />
                <BranchPoint vc="0" uspid="240" ordinal="63" path="1" offset="15426" offsetend="16158" sl="240" fileid="4" />
                <BranchPoint vc="0" uspid="245" ordinal="66" path="0" offset="16549" offsetend="16551" sl="245" fileid="4" />
                <BranchPoint vc="0" uspid="245" ordinal="67" path="1" offset="16549" offsetend="16668" sl="245" fileid="4" />
                <BranchPoint vc="0" uspid="248" ordinal="68" path="0" offset="16796" offsetend="16801" sl="248" fileid="4" />
                <BranchPoint vc="0" uspid="249" ordinal="70" path="0" offset="17306" offsetend="17308" sl="249" fileid="4" />
                <BranchPoint vc="0" uspid="249" ordinal="71" path="1" offset="17306" offsetend="17425" sl="249" fileid="4" />
                <BranchPoint vc="0" uspid="248" ordinal="69" path="1" offset="16796" offsetend="17528" sl="248" fileid="4" />
                <BranchPoint vc="0" uspid="253" ordinal="72" path="0" offset="17919" offsetend="17921" sl="253" fileid="4" />
                <BranchPoint vc="0" uspid="253" ordinal="73" path="1" offset="17919" offsetend="18038" sl="253" fileid="4" />
              </BranchPoints>
              <MethodPoint vc="0" uspid="0" p8:type="SequencePoint" ordinal="0" offset="0" sc="0" sl="160" ec="1" el="255" bec="0" bev="0" fileid="4" xmlns:p8="xsi" />
            </Method>
          </Methods>
        </Class>
        <Class>
          <Summary numSequencePoints="23" visitedSequencePoints="0" numBranchPoints="24" visitedBranchPoints="0" sequenceCoverage="0" branchCoverage="0" maxCyclomaticComplexity="24" minCyclomaticComplexity="24" visitedClasses="0" numClasses="1" visitedMethods="0" numMethods="1" />
          <FullName>AspNetCoreGeneratedDocument.Views_Course_AssignStudents/&lt;ExecuteAsync&gt;d__36</FullName>
          <Methods>
            <Method cyclomaticComplexity="24" nPathComplexity="24" sequenceCoverage="0" branchCoverage="0" isConstructor="False" isGetter="False" isSetter="False" isStatic="True">
              <Summary numSequencePoints="23" visitedSequencePoints="0" numBranchPoints="24" visitedBranchPoints="0" sequenceCoverage="0" branchCoverage="0" maxCyclomaticComplexity="24" minCyclomaticComplexity="24" visitedClasses="0" numClasses="0" visitedMethods="0" numMethods="1" />
              <MetadataToken />
              <Name>System.Void AspNetCoreGeneratedDocument.Views_Course_AssignStudents/&lt;ExecuteAsync&gt;d__36::MoveNext()</Name>
              <FileRef uid="4" />
              <SequencePoints>
                <SequencePoint vc="0" uspid="3" ordinal="0" sl="3" sc="1" el="3" ec="2" bec="0" bev="0" fileid="4" />
                <SequencePoint vc="0" uspid="4" ordinal="1" sl="4" sc="1" el="4" ec="2" bec="0" bev="0" fileid="4" />
                <SequencePoint vc="0" uspid="5" ordinal="2" sl="5" sc="1" el="5" ec="2" bec="0" bev="0" fileid="4" />
                <SequencePoint vc="0" uspid="6" ordinal="3" sl="6" sc="1" el="6" ec="2" bec="0" bev="0" fileid="4" />
                <SequencePoint vc="0" uspid="10" ordinal="4" sl="10" sc="1" el="10" ec="2" bec="2" bev="0" fileid="4" />
                <SequencePoint vc="0" uspid="11" ordinal="5" sl="11" sc="1" el="11" ec="2" bec="0" bev="0" fileid="4" />
                <SequencePoint vc="0" uspid="16" ordinal="6" sl="16" sc="1" el="16" ec="2" bec="0" bev="0" fileid="4" />
                <SequencePoint vc="0" uspid="17" ordinal="7" sl="17" sc="1" el="17" ec="2" bec="2" bev="0" fileid="4" />
                <SequencePoint vc="0" uspid="18" ordinal="8" sl="18" sc="1" el="18" ec="2" bec="0" bev="0" fileid="4" />
                <SequencePoint vc="0" uspid="23" ordinal="9" sl="23" sc="1" el="23" ec="2" bec="2" bev="0" fileid="4" />
                <SequencePoint vc="0" uspid="88" ordinal="10" sl="88" sc="1" el="88" ec="2" bec="4" bev="0" fileid="4" />
                <SequencePoint vc="0" uspid="89" ordinal="11" sl="89" sc="1" el="89" ec="2" bec="0" bev="0" fileid="4" />
                <SequencePoint vc="0" uspid="103" ordinal="12" sl="103" sc="1" el="103" ec="2" bec="2" bev="0" fileid="4" />
                <SequencePoint vc="0" uspid="104" ordinal="13" sl="104" sc="1" el="104" ec="2" bec="4" bev="0" fileid="4" />
                <SequencePoint vc="0" uspid="110" ordinal="14" sl="110" sc="1" el="110" ec="2" bec="2" bev="0" fileid="4" />
                <SequencePoint vc="0" uspid="111" ordinal="15" sl="111" sc="1" el="111" ec="2" bec="0" bev="0" fileid="4" />
                <SequencePoint vc="0" uspid="113" ordinal="16" sl="113" sc="1" el="113" ec="2" bec="0" bev="0" fileid="4" />
                <SequencePoint vc="0" uspid="115" ordinal="17" sl="115" sc="1" el="115" ec="2" bec="0" bev="0" fileid="4" />
                <SequencePoint vc="0" uspid="117" ordinal="18" sl="117" sc="1" el="117" ec="2" bec="6" bev="0" fileid="4" />
                <SequencePoint vc="0" uspid="269" ordinal="19" sl="269" sc="1" el="269" ec="2" bec="0" bev="0" fileid="4" />
                <SequencePoint vc="0" uspid="273" ordinal="20" sl="273" sc="1" el="273" ec="2" bec="0" bev="0" fileid="4" />
                <SequencePoint vc="0" uspid="275" ordinal="21" sl="275" sc="1" el="275" ec="2" bec="0" bev="0" fileid="4" />
                <SequencePoint vc="0" uspid="279" ordinal="22" sl="279" sc="1" el="279" ec="2" bec="0" bev="0" fileid="4" />
              </SequencePoints>
              <BranchPoints>
                <BranchPoint vc="0" uspid="10" ordinal="0" path="0" offset="196" offsetend="198" sl="10" fileid="4" />
                <BranchPoint vc="0" uspid="10" ordinal="1" path="1" offset="196" offsetend="267" sl="10" fileid="4" />
                <BranchPoint vc="0" uspid="17" ordinal="2" path="0" offset="293" offsetend="295" sl="17" fileid="4" />
                <BranchPoint vc="0" uspid="17" ordinal="3" path="1" offset="293" offsetend="364" sl="17" fileid="4" />
                <BranchPoint vc="0" uspid="23" ordinal="4" path="0" offset="1003" offsetend="1005" sl="23" fileid="4" />
                <BranchPoint vc="0" uspid="23" ordinal="5" path="1" offset="1003" offsetend="1117" sl="23" fileid="4" />
                <BranchPoint vc="0" uspid="88" ordinal="6" path="0" offset="1260" offsetend="1262" sl="88" fileid="4" />
                <BranchPoint vc="0" uspid="88" ordinal="7" path="1" offset="1260" offsetend="1285" sl="88" fileid="4" />
                <BranchPoint vc="0" uspid="88" ordinal="8" path="0" offset="1290" offsetend="1295" sl="88" fileid="4" />
                <BranchPoint vc="0" uspid="103" ordinal="23" path="1" offset="3801" offsetend="1393" sl="103" fileid="4" />
                <BranchPoint vc="0" uspid="104" ordinal="10" path="0" offset="1583" offsetend="1585" sl="104" fileid="4" />
                <BranchPoint vc="0" uspid="104" ordinal="11" path="1" offset="1583" offsetend="1589" sl="104" fileid="4" />
                <BranchPoint vc="0" uspid="104" ordinal="12" path="0" offset="1609" offsetend="1611" sl="104" fileid="4" />
                <BranchPoint vc="0" uspid="104" ordinal="13" path="1" offset="1609" offsetend="1617" sl="104" fileid="4" />
                <BranchPoint vc="0" uspid="110" ordinal="14" path="0" offset="1668" offsetend="1670" sl="110" fileid="4" />
                <BranchPoint vc="0" uspid="110" ordinal="15" path="1" offset="1668" offsetend="1736" sl="110" fileid="4" />
                <BranchPoint vc="0" uspid="117" ordinal="16" path="0" offset="1886" offsetend="1888" sl="117" fileid="4" />
                <BranchPoint vc="0" uspid="117" ordinal="17" path="1" offset="1886" offsetend="1895" sl="117" fileid="4" />
                <BranchPoint vc="0" uspid="117" ordinal="18" path="0" offset="2494" offsetend="2496" sl="117" fileid="4" />
                <BranchPoint vc="0" uspid="117" ordinal="19" path="1" offset="2494" offsetend="2608" sl="117" fileid="4" />
                <BranchPoint vc="0" uspid="117" ordinal="20" path="0" offset="3596" offsetend="3598" sl="117" fileid="4" />
                <BranchPoint vc="0" uspid="117" ordinal="21" path="1" offset="3596" offsetend="3710" sl="117" fileid="4" />
                <BranchPoint vc="0" uspid="103" ordinal="22" path="0" offset="3801" offsetend="3806" sl="103" fileid="4" />
                <BranchPoint vc="0" uspid="88" ordinal="9" path="1" offset="1290" offsetend="3863" sl="88" fileid="4" />
              </BranchPoints>
              <MethodPoint vc="0" uspid="0" p8:type="SequencePoint" ordinal="0" offset="0" sc="0" sl="3" ec="1" el="279" bec="0" bev="0" fileid="4" xmlns:p8="xsi" />
            </Method>
          </Methods>
        </Class>
        <Class>
          <Summary numSequencePoints="16" visitedSequencePoints="0" numBranchPoints="16" visitedBranchPoints="0" sequenceCoverage="0" branchCoverage="0" maxCyclomaticComplexity="16" minCyclomaticComplexity="16" visitedClasses="0" numClasses="1" visitedMethods="0" numMethods="1" />
          <FullName>AspNetCoreGeneratedDocument.Views_Course_Details/&lt;ExecuteAsync&gt;d__0</FullName>
          <Methods>
            <Method cyclomaticComplexity="16" nPathComplexity="16" sequenceCoverage="0" branchCoverage="0" isConstructor="False" isGetter="False" isSetter="False" isStatic="True">
              <Summary numSequencePoints="16" visitedSequencePoints="0" numBranchPoints="16" visitedBranchPoints="0" sequenceCoverage="0" branchCoverage="0" maxCyclomaticComplexity="16" minCyclomaticComplexity="16" visitedClasses="0" numClasses="0" visitedMethods="0" numMethods="1" />
              <MetadataToken />
              <Name>System.Void AspNetCoreGeneratedDocument.Views_Course_Details/&lt;ExecuteAsync&gt;d__0::MoveNext()</Name>
              <FileRef uid="5" />
              <SequencePoints>
                <SequencePoint vc="0" uspid="3" ordinal="0" sl="3" sc="1" el="3" ec="2" bec="0" bev="0" fileid="5" />
                <SequencePoint vc="0" uspid="4" ordinal="1" sl="4" sc="1" el="4" ec="2" bec="0" bev="0" fileid="5" />
                <SequencePoint vc="0" uspid="5" ordinal="2" sl="5" sc="1" el="5" ec="2" bec="0" bev="0" fileid="5" />
                <SequencePoint vc="0" uspid="6" ordinal="3" sl="6" sc="1" el="6" ec="2" bec="0" bev="0" fileid="5" />
                <SequencePoint vc="0" uspid="7" ordinal="4" sl="7" sc="1" el="7" ec="2" bec="10" bev="0" fileid="5" />
                <SequencePoint vc="0" uspid="55" ordinal="5" sl="55" sc="1" el="55" ec="2" bec="2" bev="0" fileid="5" />
                <SequencePoint vc="0" uspid="56" ordinal="6" sl="56" sc="1" el="56" ec="2" bec="0" bev="0" fileid="5" />
                <SequencePoint vc="0" uspid="67" ordinal="7" sl="67" sc="1" el="67" ec="2" bec="2" bev="0" fileid="5" />
                <SequencePoint vc="0" uspid="68" ordinal="8" sl="68" sc="1" el="68" ec="2" bec="0" bev="0" fileid="5" />
                <SequencePoint vc="0" uspid="78" ordinal="9" sl="78" sc="1" el="78" ec="2" bec="0" bev="0" fileid="5" />
                <SequencePoint vc="0" uspid="82" ordinal="10" sl="82" sc="1" el="82" ec="2" bec="0" bev="0" fileid="5" />
                <SequencePoint vc="0" uspid="84" ordinal="11" sl="84" sc="1" el="84" ec="2" bec="0" bev="0" fileid="5" />
                <SequencePoint vc="0" uspid="86" ordinal="12" sl="86" sc="1" el="86" ec="2" bec="0" bev="0" fileid="5" />
                <SequencePoint vc="0" uspid="92" ordinal="13" sl="92" sc="1" el="92" ec="2" bec="2" bev="0" fileid="5" />
                <SequencePoint vc="0" uspid="93" ordinal="14" sl="93" sc="1" el="93" ec="2" bec="0" bev="0" fileid="5" />
                <SequencePoint vc="0" uspid="111" ordinal="15" sl="111" sc="1" el="111" ec="2" bec="0" bev="0" fileid="5" />
              </SequencePoints>
              <BranchPoints>
                <BranchPoint vc="0" uspid="7" ordinal="1" path="1" offset="112" offsetend="116" sl="7" fileid="5" />
                <BranchPoint vc="0" uspid="7" ordinal="0" path="0" offset="112" offsetend="163" sl="7" fileid="5" />
                <BranchPoint vc="0" uspid="7" ordinal="2" path="0" offset="200" offsetend="202" sl="7" fileid="5" />
                <BranchPoint vc="0" uspid="7" ordinal="3" path="1" offset="200" offsetend="208" sl="7" fileid="5" />
                <BranchPoint vc="0" uspid="7" ordinal="4" path="0" offset="466" offsetend="468" sl="7" fileid="5" />
                <BranchPoint vc="0" uspid="7" ordinal="5" path="1" offset="466" offsetend="474" sl="7" fileid="5" />
                <BranchPoint vc="0" uspid="7" ordinal="6" path="0" offset="570" offsetend="572" sl="7" fileid="5" />
                <BranchPoint vc="0" uspid="7" ordinal="7" path="1" offset="570" offsetend="578" sl="7" fileid="5" />
                <BranchPoint vc="0" uspid="7" ordinal="8" path="0" offset="715" offsetend="717" sl="7" fileid="5" />
                <BranchPoint vc="0" uspid="7" ordinal="9" path="1" offset="715" offsetend="724" sl="7" fileid="5" />
                <BranchPoint vc="0" uspid="55" ordinal="10" path="0" offset="875" offsetend="880" sl="55" fileid="5" />
                <BranchPoint vc="0" uspid="67" ordinal="13" path="1" offset="1194" offsetend="921" sl="67" fileid="5" />
                <BranchPoint vc="0" uspid="67" ordinal="12" path="0" offset="1194" offsetend="1199" sl="67" fileid="5" />
                <BranchPoint vc="0" uspid="55" ordinal="11" path="1" offset="875" offsetend="1253" sl="55" fileid="5" />
                <BranchPoint vc="0" uspid="92" ordinal="14" path="0" offset="1312" offsetend="1317" sl="92" fileid="5" />
                <BranchPoint vc="0" uspid="92" ordinal="15" path="1" offset="1312" offsetend="1624" sl="92" fileid="5" />
              </BranchPoints>
              <MethodPoint vc="0" uspid="0" p8:type="SequencePoint" ordinal="0" offset="0" sc="0" sl="3" ec="1" el="111" bec="0" bev="0" fileid="5" xmlns:p8="xsi" />
            </Method>
          </Methods>
        </Class>
        <Class>
          <Summary numSequencePoints="1" visitedSequencePoints="0" numBranchPoints="0" visitedBranchPoints="0" sequenceCoverage="0" branchCoverage="100" maxCyclomaticComplexity="1" minCyclomaticComplexity="1" visitedClasses="0" numClasses="1" visitedMethods="0" numMethods="1" />
          <FullName>AspNetCoreGeneratedDocument.Views_Course_Edit/&lt;&lt;ExecuteAsync&gt;b__29_1&gt;d</FullName>
          <Methods>
            <Method cyclomaticComplexity="1" nPathComplexity="1" sequenceCoverage="0" branchCoverage="100" isConstructor="False" isGetter="False" isSetter="False" isStatic="True">
              <Summary numSequencePoints="1" visitedSequencePoints="0" numBranchPoints="0" visitedBranchPoints="0" sequenceCoverage="0" branchCoverage="100" maxCyclomaticComplexity="1" minCyclomaticComplexity="1" visitedClasses="0" numClasses="0" visitedMethods="0" numMethods="1" />
              <MetadataToken />
              <Name>System.Void AspNetCoreGeneratedDocument.Views_Course_Edit/&lt;&lt;ExecuteAsync&gt;b__29_1&gt;d::MoveNext()</Name>
              <FileRef uid="6" />
              <SequencePoints>
                <SequencePoint vc="0" uspid="80" ordinal="0" sl="80" sc="1" el="80" ec="2" bec="0" bev="0" fileid="6" />
              </SequencePoints>
              <BranchPoints />
              <MethodPoint vc="0" uspid="0" p8:type="SequencePoint" ordinal="0" offset="0" sc="0" sl="80" ec="1" el="80" bec="0" bev="0" fileid="6" xmlns:p8="xsi" />
            </Method>
          </Methods>
        </Class>
        <Class>
          <Summary numSequencePoints="4" visitedSequencePoints="0" numBranchPoints="2" visitedBranchPoints="0" sequenceCoverage="0" branchCoverage="0" maxCyclomaticComplexity="2" minCyclomaticComplexity="2" visitedClasses="0" numClasses="1" visitedMethods="0" numMethods="1" />
          <FullName>AspNetCoreGeneratedDocument.Views_Course_Edit/&lt;ExecuteAsync&gt;d__29</FullName>
          <Methods>
            <Method cyclomaticComplexity="2" nPathComplexity="2" sequenceCoverage="0" branchCoverage="0" isConstructor="False" isGetter="False" isSetter="False" isStatic="True">
              <Summary numSequencePoints="4" visitedSequencePoints="0" numBranchPoints="2" visitedBranchPoints="0" sequenceCoverage="0" branchCoverage="0" maxCyclomaticComplexity="2" minCyclomaticComplexity="2" visitedClasses="0" numClasses="0" visitedMethods="0" numMethods="1" />
              <MetadataToken />
              <Name>System.Void AspNetCoreGeneratedDocument.Views_Course_Edit/&lt;ExecuteAsync&gt;d__29::MoveNext()</Name>
              <FileRef uid="6" />
              <SequencePoints>
                <SequencePoint vc="0" uspid="3" ordinal="0" sl="3" sc="1" el="3" ec="2" bec="0" bev="0" fileid="6" />
                <SequencePoint vc="0" uspid="4" ordinal="1" sl="4" sc="1" el="4" ec="2" bec="0" bev="0" fileid="6" />
                <SequencePoint vc="0" uspid="5" ordinal="2" sl="5" sc="1" el="5" ec="2" bec="0" bev="0" fileid="6" />
                <SequencePoint vc="0" uspid="6" ordinal="3" sl="6" sc="1" el="6" ec="2" bec="2" bev="0" fileid="6" />
              </SequencePoints>
              <BranchPoints>
                <BranchPoint vc="0" uspid="6" ordinal="0" path="0" offset="550" offsetend="552" sl="6" fileid="6" />
                <BranchPoint vc="0" uspid="6" ordinal="1" path="1" offset="550" offsetend="663" sl="6" fileid="6" />
              </BranchPoints>
              <MethodPoint vc="0" uspid="0" p8:type="SequencePoint" ordinal="0" offset="0" sc="0" sl="3" ec="1" el="6" bec="0" bev="0" fileid="6" xmlns:p8="xsi" />
            </Method>
          </Methods>
        </Class>
        <Class>
          <Summary numSequencePoints="29" visitedSequencePoints="0" numBranchPoints="22" visitedBranchPoints="0" sequenceCoverage="0" branchCoverage="0" maxCyclomaticComplexity="22" minCyclomaticComplexity="22" visitedClasses="0" numClasses="1" visitedMethods="0" numMethods="1" />
          <FullName>AspNetCoreGeneratedDocument.Views_Course_Index/&lt;ExecuteAsync&gt;d__13</FullName>
          <Methods>
            <Method cyclomaticComplexity="22" nPathComplexity="22" sequenceCoverage="0" branchCoverage="0" isConstructor="False" isGetter="False" isSetter="False" isStatic="True">
              <Summary numSequencePoints="29" visitedSequencePoints="0" numBranchPoints="22" visitedBranchPoints="0" sequenceCoverage="0" branchCoverage="0" maxCyclomaticComplexity="22" minCyclomaticComplexity="22" visitedClasses="0" numClasses="0" visitedMethods="0" numMethods="1" />
              <MetadataToken />
              <Name>System.Void AspNetCoreGeneratedDocument.Views_Course_Index/&lt;ExecuteAsync&gt;d__13::MoveNext()</Name>
              <FileRef uid="7" />
              <SequencePoints>
                <SequencePoint vc="0" uspid="3" ordinal="0" sl="3" sc="1" el="3" ec="2" bec="0" bev="0" fileid="7" />
                <SequencePoint vc="0" uspid="4" ordinal="1" sl="4" sc="1" el="4" ec="2" bec="0" bev="0" fileid="7" />
                <SequencePoint vc="0" uspid="5" ordinal="2" sl="5" sc="1" el="5" ec="2" bec="0" bev="0" fileid="7" />
                <SequencePoint vc="0" uspid="6" ordinal="3" sl="6" sc="1" el="6" ec="2" bec="0" bev="0" fileid="7" />
                <SequencePoint vc="0" uspid="10" ordinal="4" sl="10" sc="1" el="10" ec="2" bec="2" bev="0" fileid="7" />
                <SequencePoint vc="0" uspid="11" ordinal="5" sl="11" sc="1" el="11" ec="2" bec="0" bev="0" fileid="7" />
                <SequencePoint vc="0" uspid="16" ordinal="6" sl="16" sc="1" el="16" ec="2" bec="0" bev="0" fileid="7" />
                <SequencePoint vc="0" uspid="17" ordinal="7" sl="17" sc="1" el="17" ec="2" bec="2" bev="0" fileid="7" />
                <SequencePoint vc="0" uspid="18" ordinal="8" sl="18" sc="1" el="18" ec="2" bec="0" bev="0" fileid="7" />
                <SequencePoint vc="0" uspid="23" ordinal="9" sl="23" sc="1" el="23" ec="2" bec="0" bev="0" fileid="7" />
                <SequencePoint vc="0" uspid="29" ordinal="10" sl="29" sc="1" el="29" ec="2" bec="2" bev="0" fileid="7" />
                <SequencePoint vc="0" uspid="30" ordinal="11" sl="30" sc="1" el="30" ec="2" bec="0" bev="0" fileid="7" />
                <SequencePoint vc="0" uspid="34" ordinal="12" sl="34" sc="1" el="34" ec="2" bec="0" bev="0" fileid="7" />
                <SequencePoint vc="0" uspid="43" ordinal="13" sl="43" sc="1" el="43" ec="2" bec="4" bev="0" fileid="7" />
                <SequencePoint vc="0" uspid="44" ordinal="14" sl="44" sc="1" el="44" ec="2" bec="0" bev="0" fileid="7" />
                <SequencePoint vc="0" uspid="58" ordinal="15" sl="58" sc="1" el="58" ec="2" bec="2" bev="0" fileid="7" />
                <SequencePoint vc="0" uspid="59" ordinal="16" sl="59" sc="1" el="59" ec="2" bec="4" bev="0" fileid="7" />
                <SequencePoint vc="0" uspid="72" ordinal="17" sl="72" sc="1" el="72" ec="2" bec="2" bev="0" fileid="7" />
                <SequencePoint vc="0" uspid="73" ordinal="18" sl="73" sc="1" el="73" ec="2" bec="2" bev="0" fileid="7" />
                <SequencePoint vc="0" uspid="90" ordinal="19" sl="90" sc="1" el="90" ec="2" bec="0" bev="0" fileid="7" />
                <SequencePoint vc="0" uspid="92" ordinal="20" sl="92" sc="1" el="92" ec="2" bec="0" bev="0" fileid="7" />
                <SequencePoint vc="0" uspid="94" ordinal="21" sl="94" sc="1" el="94" ec="2" bec="0" bev="0" fileid="7" />
                <SequencePoint vc="0" uspid="98" ordinal="22" sl="98" sc="1" el="98" ec="2" bec="0" bev="0" fileid="7" />
                <SequencePoint vc="0" uspid="102" ordinal="23" sl="102" sc="1" el="102" ec="2" bec="0" bev="0" fileid="7" />
                <SequencePoint vc="0" uspid="104" ordinal="24" sl="104" sc="1" el="104" ec="2" bec="0" bev="0" fileid="7" />
                <SequencePoint vc="0" uspid="107" ordinal="25" sl="107" sc="1" el="107" ec="2" bec="2" bev="0" fileid="7" />
                <SequencePoint vc="0" uspid="108" ordinal="26" sl="108" sc="1" el="108" ec="2" bec="0" bev="0" fileid="7" />
                <SequencePoint vc="0" uspid="110" ordinal="27" sl="110" sc="1" el="110" ec="2" bec="0" bev="0" fileid="7" />
                <SequencePoint vc="0" uspid="112" ordinal="28" sl="112" sc="1" el="112" ec="2" bec="0" bev="0" fileid="7" />
              </SequencePoints>
              <BranchPoints>
                <BranchPoint vc="0" uspid="10" ordinal="0" path="0" offset="160" offsetend="162" sl="10" fileid="7" />
                <BranchPoint vc="0" uspid="10" ordinal="1" path="1" offset="160" offsetend="231" sl="10" fileid="7" />
                <BranchPoint vc="0" uspid="17" ordinal="2" path="0" offset="257" offsetend="259" sl="17" fileid="7" />
                <BranchPoint vc="0" uspid="17" ordinal="3" path="1" offset="257" offsetend="328" sl="17" fileid="7" />
                <BranchPoint vc="0" uspid="29" ordinal="4" path="0" offset="368" offsetend="373" sl="29" fileid="7" />
                <BranchPoint vc="0" uspid="29" ordinal="5" path="1" offset="368" offsetend="515" sl="29" fileid="7" />
                <BranchPoint vc="0" uspid="43" ordinal="6" path="0" offset="543" offsetend="545" sl="43" fileid="7" />
                <BranchPoint vc="0" uspid="43" ordinal="7" path="1" offset="543" offsetend="563" sl="43" fileid="7" />
                <BranchPoint vc="0" uspid="43" ordinal="8" path="0" offset="568" offsetend="573" sl="43" fileid="7" />
                <BranchPoint vc="0" uspid="58" ordinal="19" path="1" offset="2209" offsetend="641" sl="58" fileid="7" />
                <BranchPoint vc="0" uspid="59" ordinal="10" path="0" offset="872" offsetend="874" sl="59" fileid="7" />
                <BranchPoint vc="0" uspid="59" ordinal="11" path="1" offset="872" offsetend="880" sl="59" fileid="7" />
                <BranchPoint vc="0" uspid="59" ordinal="12" path="0" offset="1017" offsetend="1019" sl="59" fileid="7" />
                <BranchPoint vc="0" uspid="59" ordinal="13" path="1" offset="1017" offsetend="1026" sl="59" fileid="7" />
                <BranchPoint vc="0" uspid="72" ordinal="14" path="0" offset="1144" offsetend="1149" sl="72" fileid="7" />
                <BranchPoint vc="0" uspid="73" ordinal="16" path="0" offset="1965" offsetend="1967" sl="73" fileid="7" />
                <BranchPoint vc="0" uspid="73" ordinal="17" path="1" offset="1965" offsetend="2079" sl="73" fileid="7" />
                <BranchPoint vc="0" uspid="72" ordinal="15" path="1" offset="1144" offsetend="2154" sl="72" fileid="7" />
                <BranchPoint vc="0" uspid="58" ordinal="18" path="0" offset="2209" offsetend="2214" sl="58" fileid="7" />
                <BranchPoint vc="0" uspid="43" ordinal="9" path="1" offset="568" offsetend="2274" sl="43" fileid="7" />
                <BranchPoint vc="0" uspid="107" ordinal="20" path="0" offset="2317" offsetend="2322" sl="107" fileid="7" />
                <BranchPoint vc="0" uspid="107" ordinal="21" path="1" offset="2317" offsetend="2464" sl="107" fileid="7" />
              </BranchPoints>
              <MethodPoint vc="0" uspid="0" p8:type="SequencePoint" ordinal="0" offset="0" sc="0" sl="3" ec="1" el="112" bec="0" bev="0" fileid="7" xmlns:p8="xsi" />
            </Method>
          </Methods>
        </Class>
        <Class>
          <Summary numSequencePoints="10" visitedSequencePoints="0" numBranchPoints="32" visitedBranchPoints="0" sequenceCoverage="0" branchCoverage="0" maxCyclomaticComplexity="32" minCyclomaticComplexity="32" visitedClasses="0" numClasses="1" visitedMethods="0" numMethods="1" />
          <FullName>AspNetCoreGeneratedDocument.Views_Dashboard_Index/&lt;ExecuteAsync&gt;d__0</FullName>
          <Methods>
            <Method cyclomaticComplexity="32" nPathComplexity="32" sequenceCoverage="0" branchCoverage="0" isConstructor="False" isGetter="False" isSetter="False" isStatic="True">
              <Summary numSequencePoints="10" visitedSequencePoints="0" numBranchPoints="32" visitedBranchPoints="0" sequenceCoverage="0" branchCoverage="0" maxCyclomaticComplexity="32" minCyclomaticComplexity="32" visitedClasses="0" numClasses="0" visitedMethods="0" numMethods="1" />
              <MetadataToken />
              <Name>System.Void AspNetCoreGeneratedDocument.Views_Dashboard_Index/&lt;ExecuteAsync&gt;d__0::MoveNext()</Name>
              <FileRef uid="8" />
              <SequencePoints>
                <SequencePoint vc="0" uspid="5" ordinal="0" sl="5" sc="1" el="5" ec="2" bec="0" bev="0" fileid="8" />
                <SequencePoint vc="0" uspid="6" ordinal="1" sl="6" sc="1" el="6" ec="2" bec="0" bev="0" fileid="8" />
                <SequencePoint vc="0" uspid="7" ordinal="2" sl="7" sc="1" el="7" ec="2" bec="0" bev="0" fileid="8" />
                <SequencePoint vc="0" uspid="8" ordinal="3" sl="8" sc="1" el="8" ec="2" bec="16" bev="0" fileid="8" />
                <SequencePoint vc="0" uspid="97" ordinal="4" sl="97" sc="1" el="97" ec="2" bec="2" bev="0" fileid="8" />
                <SequencePoint vc="0" uspid="98" ordinal="5" sl="98" sc="1" el="98" ec="2" bec="0" bev="0" fileid="8" />
                <SequencePoint vc="0" uspid="105" ordinal="6" sl="105" sc="1" el="105" ec="2" bec="0" bev="0" fileid="8" />
                <SequencePoint vc="0" uspid="112" ordinal="7" sl="112" sc="1" el="112" ec="2" bec="2" bev="0" fileid="8" />
                <SequencePoint vc="0" uspid="113" ordinal="8" sl="113" sc="1" el="113" ec="2" bec="0" bev="0" fileid="8" />
                <SequencePoint vc="0" uspid="117" ordinal="9" sl="117" sc="1" el="117" ec="2" bec="12" bev="0" fileid="8" />
              </SequencePoints>
              <BranchPoints>
                <BranchPoint vc="0" uspid="8" ordinal="1" path="1" offset="128" offsetend="132" sl="8" fileid="8" />
                <BranchPoint vc="0" uspid="8" ordinal="0" path="0" offset="128" offsetend="194" sl="8" fileid="8" />
                <BranchPoint vc="0" uspid="8" ordinal="3" path="1" offset="220" offsetend="224" sl="8" fileid="8" />
                <BranchPoint vc="0" uspid="8" ordinal="2" path="0" offset="220" offsetend="271" sl="8" fileid="8" />
                <BranchPoint vc="0" uspid="8" ordinal="5" path="1" offset="330" offsetend="334" sl="8" fileid="8" />
                <BranchPoint vc="0" uspid="8" ordinal="4" path="0" offset="330" offsetend="396" sl="8" fileid="8" />
                <BranchPoint vc="0" uspid="8" ordinal="7" path="1" offset="422" offsetend="426" sl="8" fileid="8" />
                <BranchPoint vc="0" uspid="8" ordinal="6" path="0" offset="422" offsetend="473" sl="8" fileid="8" />
                <BranchPoint vc="0" uspid="8" ordinal="9" path="1" offset="532" offsetend="536" sl="8" fileid="8" />
                <BranchPoint vc="0" uspid="8" ordinal="8" path="0" offset="532" offsetend="598" sl="8" fileid="8" />
                <BranchPoint vc="0" uspid="8" ordinal="11" path="1" offset="624" offsetend="628" sl="8" fileid="8" />
                <BranchPoint vc="0" uspid="8" ordinal="10" path="0" offset="624" offsetend="675" sl="8" fileid="8" />
                <BranchPoint vc="0" uspid="8" ordinal="13" path="1" offset="734" offsetend="738" sl="8" fileid="8" />
                <BranchPoint vc="0" uspid="8" ordinal="12" path="0" offset="734" offsetend="800" sl="8" fileid="8" />
                <BranchPoint vc="0" uspid="8" ordinal="15" path="1" offset="826" offsetend="830" sl="8" fileid="8" />
                <BranchPoint vc="0" uspid="8" ordinal="14" path="0" offset="826" offsetend="877" sl="8" fileid="8" />
                <BranchPoint vc="0" uspid="97" ordinal="16" path="0" offset="954" offsetend="959" sl="97" fileid="8" />
                <BranchPoint vc="0" uspid="97" ordinal="17" path="1" offset="954" offsetend="1224" sl="97" fileid="8" />
                <BranchPoint vc="0" uspid="112" ordinal="18" path="0" offset="1510" offsetend="1515" sl="112" fileid="8" />
                <BranchPoint vc="0" uspid="112" ordinal="19" path="1" offset="1510" offsetend="1657" sl="112" fileid="8" />
                <BranchPoint vc="0" uspid="117" ordinal="21" path="1" offset="1679" offsetend="1683" sl="117" fileid="8" />
                <BranchPoint vc="0" uspid="117" ordinal="20" path="0" offset="1679" offsetend="1745" sl="117" fileid="8" />
                <BranchPoint vc="0" uspid="117" ordinal="23" path="1" offset="1771" offsetend="1775" sl="117" fileid="8" />
                <BranchPoint vc="0" uspid="117" ordinal="22" path="0" offset="1771" offsetend="1822" sl="117" fileid="8" />
                <BranchPoint vc="0" uspid="117" ordinal="25" path="1" offset="1881" offsetend="1885" sl="117" fileid="8" />
                <BranchPoint vc="0" uspid="117" ordinal="24" path="0" offset="1881" offsetend="1947" sl="117" fileid="8" />
                <BranchPoint vc="0" uspid="117" ordinal="27" path="1" offset="1973" offsetend="1977" sl="117" fileid="8" />
                <BranchPoint vc="0" uspid="117" ordinal="26" path="0" offset="1973" offsetend="2024" sl="117" fileid="8" />
                <BranchPoint vc="0" uspid="117" ordinal="29" path="1" offset="2083" offsetend="2087" sl="117" fileid="8" />
                <BranchPoint vc="0" uspid="117" ordinal="28" path="0" offset="2083" offsetend="2149" sl="117" fileid="8" />
                <BranchPoint vc="0" uspid="117" ordinal="31" path="1" offset="2175" offsetend="2179" sl="117" fileid="8" />
                <BranchPoint vc="0" uspid="117" ordinal="30" path="0" offset="2175" offsetend="2226" sl="117" fileid="8" />
              </BranchPoints>
              <MethodPoint vc="0" uspid="0" p8:type="SequencePoint" ordinal="0" offset="0" sc="0" sl="5" ec="1" el="117" bec="0" bev="0" fileid="8" xmlns:p8="xsi" />
            </Method>
          </Methods>
        </Class>
        <Class>
          <Summary numSequencePoints="1" visitedSequencePoints="0" numBranchPoints="0" visitedBranchPoints="0" sequenceCoverage="0" branchCoverage="100" maxCyclomaticComplexity="1" minCyclomaticComplexity="1" visitedClasses="0" numClasses="1" visitedMethods="0" numMethods="1" />
          <FullName>AspNetCoreGeneratedDocument.Views_Home_Index/&lt;ExecuteAsync&gt;d__0</FullName>
          <Methods>
            <Method cyclomaticComplexity="1" nPathComplexity="1" sequenceCoverage="0" branchCoverage="100" isConstructor="False" isGetter="False" isSetter="False" isStatic="True">
              <Summary numSequencePoints="1" visitedSequencePoints="0" numBranchPoints="0" visitedBranchPoints="0" sequenceCoverage="0" branchCoverage="100" maxCyclomaticComplexity="1" minCyclomaticComplexity="1" visitedClasses="0" numClasses="0" visitedMethods="0" numMethods="1" />
[...]
                <BranchPoint vc="0" uspid="63" ordinal="9" path="1" offset="673" offsetend="679" sl="63" fileid="59" />
                <BranchPoint vc="0" uspid="63" ordinal="10" path="0" offset="685" offsetend="687" sl="63" fileid="59" />
                <BranchPoint vc="0" uspid="63" ordinal="11" path="1" offset="685" offsetend="693" sl="63" fileid="59" />
                <BranchPoint vc="0" uspid="64" ordinal="12" path="0" offset="721" offsetend="723" sl="64" fileid="59" />
                <BranchPoint vc="0" uspid="64" ordinal="13" path="1" offset="721" offsetend="727" sl="64" fileid="59" />
                <BranchPoint vc="0" uspid="37" ordinal="1" path="1" offset="34" offsetend="1093" sl="37" fileid="59" />
              </BranchPoints>
              <MethodPoint vc="0" uspid="0" p8:type="SequencePoint" ordinal="0" offset="0" sc="0" sl="36" ec="1" el="84" bec="0" bev="0" fileid="59" xmlns:p8="xsi" />
            </Method>
          </Methods>
        </Class>
        <Class>
          <Summary numSequencePoints="29" visitedSequencePoints="0" numBranchPoints="10" visitedBranchPoints="0" sequenceCoverage="0" branchCoverage="0" maxCyclomaticComplexity="10" minCyclomaticComplexity="10" visitedClasses="0" numClasses="1" visitedMethods="0" numMethods="1" />
          <FullName>SIMS.Controllers.UserController/&lt;Delete&gt;d__8</FullName>
          <Methods>
            <Method cyclomaticComplexity="10" nPathComplexity="10" sequenceCoverage="0" branchCoverage="0" isConstructor="False" isGetter="False" isSetter="False" isStatic="True">
              <Summary numSequencePoints="29" visitedSequencePoints="0" numBranchPoints="10" visitedBranchPoints="0" sequenceCoverage="0" branchCoverage="0" maxCyclomaticComplexity="10" minCyclomaticComplexity="10" visitedClasses="0" numClasses="0" visitedMethods="0" numMethods="1" />
              <MetadataToken />
              <Name>System.Void SIMS.Controllers.UserController/&lt;Delete&gt;d__8::MoveNext()</Name>
              <FileRef uid="59" />
              <SequencePoints>
                <SequencePoint vc="0" uspid="153" ordinal="0" sl="153" sc="1" el="153" ec="2" bec="0" bev="0" fileid="59" />
                <SequencePoint vc="0" uspid="155" ordinal="1" sl="155" sc="1" el="155" ec="2" bec="0" bev="0" fileid="59" />
                <SequencePoint vc="0" uspid="157" ordinal="2" sl="157" sc="1" el="157" ec="2" bec="0" bev="0" fileid="59" />
                <SequencePoint vc="0" uspid="159" ordinal="3" sl="159" sc="1" el="159" ec="2" bec="0" bev="0" fileid="59" />
                <SequencePoint vc="0" uspid="160" ordinal="4" sl="160" sc="1" el="160" ec="2" bec="2" bev="0" fileid="59" />
                <SequencePoint vc="0" uspid="161" ordinal="5" sl="161" sc="1" el="161" ec="2" bec="0" bev="0" fileid="59" />
                <SequencePoint vc="0" uspid="163" ordinal="6" sl="163" sc="1" el="163" ec="2" bec="4" bev="0" fileid="59" />
                <SequencePoint vc="0" uspid="164" ordinal="7" sl="164" sc="1" el="164" ec="2" bec="2" bev="0" fileid="59" />
                <SequencePoint vc="0" uspid="165" ordinal="8" sl="165" sc="1" el="165" ec="2" bec="2" bev="0" fileid="59" />
                <SequencePoint vc="0" uspid="166" ordinal="9" sl="166" sc="1" el="166" ec="2" bec="0" bev="0" fileid="59" />
                <SequencePoint vc="0" uspid="167" ordinal="10" sl="167" sc="1" el="167" ec="2" bec="0" bev="0" fileid="59" />
                <SequencePoint vc="0" uspid="168" ordinal="11" sl="168" sc="1" el="168" ec="2" bec="0" bev="0" fileid="59" />
                <SequencePoint vc="0" uspid="169" ordinal="12" sl="169" sc="1" el="169" ec="2" bec="0" bev="0" fileid="59" />
                <SequencePoint vc="0" uspid="170" ordinal="13" sl="170" sc="1" el="170" ec="2" bec="0" bev="0" fileid="59" />
                <SequencePoint vc="0" uspid="171" ordinal="14" sl="171" sc="1" el="171" ec="2" bec="0" bev="0" fileid="59" />
                <SequencePoint vc="0" uspid="172" ordinal="15" sl="172" sc="1" el="172" ec="2" bec="0" bev="0" fileid="59" />
                <SequencePoint vc="0" uspid="173" ordinal="16" sl="173" sc="1" el="173" ec="2" bec="0" bev="0" fileid="59" />
                <SequencePoint vc="0" uspid="175" ordinal="17" sl="175" sc="1" el="175" ec="2" bec="0" bev="0" fileid="59" />
                <SequencePoint vc="0" uspid="176" ordinal="18" sl="176" sc="1" el="176" ec="2" bec="0" bev="0" fileid="59" />
                <SequencePoint vc="0" uspid="178" ordinal="19" sl="178" sc="1" el="178" ec="2" bec="0" bev="0" fileid="59" />
                <SequencePoint vc="0" uspid="179" ordinal="20" sl="179" sc="1" el="179" ec="2" bec="0" bev="0" fileid="59" />
                <SequencePoint vc="0" uspid="180" ordinal="21" sl="180" sc="1" el="180" ec="2" bec="0" bev="0" fileid="59" />
                <SequencePoint vc="0" uspid="181" ordinal="22" sl="181" sc="1" el="181" ec="2" bec="0" bev="0" fileid="59" />
                <SequencePoint vc="0" uspid="182" ordinal="23" sl="182" sc="1" el="182" ec="2" bec="0" bev="0" fileid="59" />
                <SequencePoint vc="0" uspid="183" ordinal="24" sl="183" sc="1" el="183" ec="2" bec="0" bev="0" fileid="59" />
                <SequencePoint vc="0" uspid="184" ordinal="25" sl="184" sc="1" el="184" ec="2" bec="0" bev="0" fileid="59" />
                <SequencePoint vc="0" uspid="185" ordinal="26" sl="185" sc="1" el="185" ec="2" bec="0" bev="0" fileid="59" />
                <SequencePoint vc="0" uspid="187" ordinal="27" sl="187" sc="1" el="187" ec="2" bec="0" bev="0" fileid="59" />
                <SequencePoint vc="0" uspid="188" ordinal="28" sl="188" sc="1" el="188" ec="2" bec="0" bev="0" fileid="59" />
              </SequencePoints>
              <BranchPoints>
                <BranchPoint vc="0" uspid="160" ordinal="0" path="0" offset="328" offsetend="333" sl="160" fileid="59" />
                <BranchPoint vc="0" uspid="163" ordinal="2" path="0" offset="352" offsetend="354" sl="163" fileid="59" />
                <BranchPoint vc="0" uspid="163" ordinal="3" path="1" offset="352" offsetend="358" sl="163" fileid="59" />
                <BranchPoint vc="0" uspid="163" ordinal="4" path="0" offset="364" offsetend="366" sl="163" fileid="59" />
                <BranchPoint vc="0" uspid="163" ordinal="5" path="1" offset="364" offsetend="372" sl="163" fileid="59" />
                <BranchPoint vc="0" uspid="164" ordinal="6" path="0" offset="400" offsetend="402" sl="164" fileid="59" />
                <BranchPoint vc="0" uspid="164" ordinal="7" path="1" offset="400" offsetend="406" sl="164" fileid="59" />
                <BranchPoint vc="0" uspid="165" ordinal="8" path="0" offset="470" offsetend="472" sl="165" fileid="59" />
                <BranchPoint vc="0" uspid="165" ordinal="9" path="1" offset="470" offsetend="518" sl="165" fileid="59" />
                <BranchPoint vc="0" uspid="160" ordinal="1" path="1" offset="328" offsetend="760" sl="160" fileid="59" />
              </BranchPoints>
              <MethodPoint vc="0" uspid="0" p8:type="SequencePoint" ordinal="0" offset="0" sc="0" sl="153" ec="1" el="188" bec="0" bev="0" fileid="59" xmlns:p8="xsi" />
            </Method>
          </Methods>
        </Class>
        <Class>
          <Summary numSequencePoints="7" visitedSequencePoints="0" numBranchPoints="2" visitedBranchPoints="0" sequenceCoverage="0" branchCoverage="0" maxCyclomaticComplexity="2" minCyclomaticComplexity="2" visitedClasses="0" numClasses="1" visitedMethods="0" numMethods="1" />
          <FullName>SIMS.Controllers.UserController/&lt;Edit&gt;d__6</FullName>
          <Methods>
            <Method cyclomaticComplexity="2" nPathComplexity="2" sequenceCoverage="0" branchCoverage="0" isConstructor="False" isGetter="False" isSetter="False" isStatic="True">
              <Summary numSequencePoints="7" visitedSequencePoints="0" numBranchPoints="2" visitedBranchPoints="0" sequenceCoverage="0" branchCoverage="0" maxCyclomaticComplexity="2" minCyclomaticComplexity="2" visitedClasses="0" numClasses="0" visitedMethods="0" numMethods="1" />
              <MetadataToken />
              <Name>System.Void SIMS.Controllers.UserController/&lt;Edit&gt;d__6::MoveNext()</Name>
              <FileRef uid="59" />
              <SequencePoints>
                <SequencePoint vc="0" uspid="88" ordinal="0" sl="88" sc="1" el="88" ec="2" bec="0" bev="0" fileid="59" />
                <SequencePoint vc="0" uspid="89" ordinal="1" sl="89" sc="1" el="89" ec="2" bec="0" bev="0" fileid="59" />
                <SequencePoint vc="0" uspid="90" ordinal="2" sl="90" sc="1" el="90" ec="2" bec="2" bev="0" fileid="59" />
                <SequencePoint vc="0" uspid="91" ordinal="3" sl="91" sc="1" el="91" ec="2" bec="0" bev="0" fileid="59" />
                <SequencePoint vc="0" uspid="92" ordinal="4" sl="92" sc="1" el="92" ec="2" bec="0" bev="0" fileid="59" />
                <SequencePoint vc="0" uspid="94" ordinal="5" sl="94" sc="1" el="94" ec="2" bec="0" bev="0" fileid="59" />
                <SequencePoint vc="0" uspid="95" ordinal="6" sl="95" sc="1" el="95" ec="2" bec="0" bev="0" fileid="59" />
              </SequencePoints>
              <BranchPoints>
                <BranchPoint vc="0" uspid="90" ordinal="0" path="0" offset="164" offsetend="166" sl="90" fileid="59" />
                <BranchPoint vc="0" uspid="90" ordinal="1" path="1" offset="164" offsetend="181" sl="90" fileid="59" />
              </BranchPoints>
              <MethodPoint vc="0" uspid="0" p8:type="SequencePoint" ordinal="0" offset="0" sc="0" sl="88" ec="1" el="95" bec="0" bev="0" fileid="59" xmlns:p8="xsi" />
            </Method>
          </Methods>
        </Class>
        <Class>
          <Summary numSequencePoints="38" visitedSequencePoints="0" numBranchPoints="18" visitedBranchPoints="0" sequenceCoverage="0" branchCoverage="0" maxCyclomaticComplexity="18" minCyclomaticComplexity="18" visitedClasses="0" numClasses="1" visitedMethods="0" numMethods="1" />
          <FullName>SIMS.Controllers.UserController/&lt;Edit&gt;d__7</FullName>
          <Methods>
            <Method cyclomaticComplexity="18" nPathComplexity="18" sequenceCoverage="0" branchCoverage="0" isConstructor="False" isGetter="False" isSetter="False" isStatic="True">
              <Summary numSequencePoints="38" visitedSequencePoints="0" numBranchPoints="18" visitedBranchPoints="0" sequenceCoverage="0" branchCoverage="0" maxCyclomaticComplexity="18" minCyclomaticComplexity="18" visitedClasses="0" numClasses="0" visitedMethods="0" numMethods="1" />
              <MetadataToken />
              <Name>System.Void SIMS.Controllers.UserController/&lt;Edit&gt;d__7::MoveNext()</Name>
              <FileRef uid="59" />
              <SequencePoints>
                <SequencePoint vc="0" uspid="100" ordinal="0" sl="100" sc="1" el="100" ec="2" bec="0" bev="0" fileid="59" />
                <SequencePoint vc="0" uspid="101" ordinal="1" sl="101" sc="1" el="101" ec="2" bec="2" bev="0" fileid="59" />
                <SequencePoint vc="0" uspid="102" ordinal="2" sl="102" sc="1" el="102" ec="2" bec="0" bev="0" fileid="59" />
                <SequencePoint vc="0" uspid="104" ordinal="3" sl="104" sc="1" el="104" ec="2" bec="0" bev="0" fileid="59" />
                <SequencePoint vc="0" uspid="106" ordinal="4" sl="106" sc="1" el="106" ec="2" bec="0" bev="0" fileid="59" />
                <SequencePoint vc="0" uspid="107" ordinal="5" sl="107" sc="1" el="107" ec="2" bec="4" bev="0" fileid="59" />
                <SequencePoint vc="0" uspid="108" ordinal="6" sl="108" sc="1" el="108" ec="2" bec="0" bev="0" fileid="59" />
                <SequencePoint vc="0" uspid="109" ordinal="7" sl="109" sc="1" el="109" ec="2" bec="0" bev="0" fileid="59" />
                <SequencePoint vc="0" uspid="110" ordinal="8" sl="110" sc="1" el="110" ec="2" bec="0" bev="0" fileid="59" />
                <SequencePoint vc="0" uspid="114" ordinal="9" sl="114" sc="1" el="114" ec="2" bec="2" bev="0" fileid="59" />
                <SequencePoint vc="0" uspid="115" ordinal="10" sl="115" sc="1" el="115" ec="2" bec="0" bev="0" fileid="59" />
                <SequencePoint vc="0" uspid="116" ordinal="11" sl="116" sc="1" el="116" ec="2" bec="0" bev="0" fileid="59" />
                <SequencePoint vc="0" uspid="117" ordinal="12" sl="117" sc="1" el="117" ec="2" bec="4" bev="0" fileid="59" />
                <SequencePoint vc="0" uspid="118" ordinal="13" sl="118" sc="1" el="118" ec="2" bec="0" bev="0" fileid="59" />
                <SequencePoint vc="0" uspid="119" ordinal="14" sl="119" sc="1" el="119" ec="2" bec="0" bev="0" fileid="59" />
                <SequencePoint vc="0" uspid="120" ordinal="15" sl="120" sc="1" el="120" ec="2" bec="0" bev="0" fileid="59" />
                <SequencePoint vc="0" uspid="122" ordinal="16" sl="122" sc="1" el="122" ec="2" bec="0" bev="0" fileid="59" />
                <SequencePoint vc="0" uspid="124" ordinal="17" sl="124" sc="1" el="124" ec="2" bec="0" bev="0" fileid="59" />
                <SequencePoint vc="0" uspid="127" ordinal="18" sl="127" sc="1" el="127" ec="2" bec="4" bev="0" fileid="59" />
                <SequencePoint vc="0" uspid="128" ordinal="19" sl="128" sc="1" el="128" ec="2" bec="2" bev="0" fileid="59" />
                <SequencePoint vc="0" uspid="129" ordinal="20" sl="129" sc="1" el="129" ec="2" bec="0" bev="0" fileid="59" />
                <SequencePoint vc="0" uspid="130" ordinal="21" sl="130" sc="1" el="130" ec="2" bec="0" bev="0" fileid="59" />
                <SequencePoint vc="0" uspid="131" ordinal="22" sl="131" sc="1" el="131" ec="2" bec="0" bev="0" fileid="59" />
                <SequencePoint vc="0" uspid="132" ordinal="23" sl="132" sc="1" el="132" ec="2" bec="0" bev="0" fileid="59" />
                <SequencePoint vc="0" uspid="133" ordinal="24" sl="133" sc="1" el="133" ec="2" bec="0" bev="0" fileid="59" />
                <SequencePoint vc="0" uspid="134" ordinal="25" sl="134" sc="1" el="134" ec="2" bec="0" bev="0" fileid="59" />
                <SequencePoint vc="0" uspid="135" ordinal="26" sl="135" sc="1" el="135" ec="2" bec="0" bev="0" fileid="59" />
                <SequencePoint vc="0" uspid="136" ordinal="27" sl="136" sc="1" el="136" ec="2" bec="0" bev="0" fileid="59" />
                <SequencePoint vc="0" uspid="137" ordinal="28" sl="137" sc="1" el="137" ec="2" bec="0" bev="0" fileid="59" />
                <SequencePoint vc="0" uspid="139" ordinal="29" sl="139" sc="1" el="139" ec="2" bec="0" bev="0" fileid="59" />
                <SequencePoint vc="0" uspid="140" ordinal="30" sl="140" sc="1" el="140" ec="2" bec="0" bev="0" fileid="59" />
                <SequencePoint vc="0" uspid="142" ordinal="31" sl="142" sc="1" el="142" ec="2" bec="0" bev="0" fileid="59" />
                <SequencePoint vc="0" uspid="143" ordinal="32" sl="143" sc="1" el="143" ec="2" bec="0" bev="0" fileid="59" />
                <SequencePoint vc="0" uspid="144" ordinal="33" sl="144" sc="1" el="144" ec="2" bec="0" bev="0" fileid="59" />
                <SequencePoint vc="0" uspid="145" ordinal="34" sl="145" sc="1" el="145" ec="2" bec="0" bev="0" fileid="59" />
                <SequencePoint vc="0" uspid="146" ordinal="35" sl="146" sc="1" el="146" ec="2" bec="0" bev="0" fileid="59" />
                <SequencePoint vc="0" uspid="147" ordinal="36" sl="147" sc="1" el="147" ec="2" bec="0" bev="0" fileid="59" />
                <SequencePoint vc="0" uspid="148" ordinal="37" sl="148" sc="1" el="148" ec="2" bec="0" bev="0" fileid="59" />
              </SequencePoints>
              <BranchPoints>
                <BranchPoint vc="0" uspid="101" ordinal="0" path="0" offset="34" offsetend="39" sl="101" fileid="59" />
                <BranchPoint vc="0" uspid="107" ordinal="2" path="0" offset="231" offsetend="233" sl="107" fileid="59" />
                <BranchPoint vc="0" uspid="107" ordinal="3" path="1" offset="231" offsetend="262" sl="107" fileid="59" />
                <BranchPoint vc="0" uspid="107" ordinal="4" path="0" offset="267" offsetend="269" sl="107" fileid="59" />
                <BranchPoint vc="0" uspid="107" ordinal="5" path="1" offset="267" offsetend="320" sl="107" fileid="59" />
                <BranchPoint vc="0" uspid="114" ordinal="6" path="0" offset="343" offsetend="348" sl="114" fileid="59" />
                <BranchPoint vc="0" uspid="117" ordinal="8" path="0" offset="500" offsetend="502" sl="117" fileid="59" />
                <BranchPoint vc="0" uspid="117" ordinal="9" path="1" offset="500" offsetend="531" sl="117" fileid="59" />
                <BranchPoint vc="0" uspid="117" ordinal="10" path="0" offset="536" offsetend="538" sl="117" fileid="59" />
                <BranchPoint vc="0" uspid="117" ordinal="11" path="1" offset="536" offsetend="589" sl="117" fileid="59" />
                <BranchPoint vc="0" uspid="114" ordinal="7" path="1" offset="343" offsetend="597" sl="114" fileid="59" />
                <BranchPoint vc="0" uspid="127" ordinal="12" path="0" offset="731" offsetend="733" sl="127" fileid="59" />
                <BranchPoint vc="0" uspid="127" ordinal="13" path="1" offset="731" offsetend="737" sl="127" fileid="59" />
                <BranchPoint vc="0" uspid="127" ordinal="14" path="0" offset="743" offsetend="745" sl="127" fileid="59" />
                <BranchPoint vc="0" uspid="127" ordinal="15" path="1" offset="743" offsetend="751" sl="127" fileid="59" />
                <BranchPoint vc="0" uspid="128" ordinal="16" path="0" offset="779" offsetend="781" sl="128" fileid="59" />
                <BranchPoint vc="0" uspid="128" ordinal="17" path="1" offset="779" offsetend="785" sl="128" fileid="59" />
                <BranchPoint vc="0" uspid="101" ordinal="1" path="1" offset="34" offsetend="1151" sl="101" fileid="59" />
              </BranchPoints>
              <MethodPoint vc="0" uspid="0" p8:type="SequencePoint" ordinal="0" offset="0" sc="0" sl="100" ec="1" el="148" bec="0" bev="0" fileid="59" xmlns:p8="xsi" />
            </Method>
          </Methods>
        </Class>
        <Class>
          <Summary numSequencePoints="4" visitedSequencePoints="0" numBranchPoints="0" visitedBranchPoints="0" sequenceCoverage="0" branchCoverage="100" maxCyclomaticComplexity="1" minCyclomaticComplexity="1" visitedClasses="0" numClasses="1" visitedMethods="0" numMethods="1" />
          <FullName>SIMS.Controllers.UserController/&lt;Index&gt;d__3</FullName>
          <Methods>
            <Method cyclomaticComplexity="1" nPathComplexity="1" sequenceCoverage="0" branchCoverage="100" isConstructor="False" isGetter="False" isSetter="False" isStatic="True">
              <Summary numSequencePoints="4" visitedSequencePoints="0" numBranchPoints="0" visitedBranchPoints="0" sequenceCoverage="0" branchCoverage="100" maxCyclomaticComplexity="1" minCyclomaticComplexity="1" visitedClasses="0" numClasses="0" visitedMethods="0" numMethods="1" />
              <MetadataToken />
              <Name>System.Void SIMS.Controllers.UserController/&lt;Index&gt;d__3::MoveNext()</Name>
              <FileRef uid="59" />
              <SequencePoints>
                <SequencePoint vc="0" uspid="22" ordinal="0" sl="22" sc="1" el="22" ec="2" bec="0" bev="0" fileid="59" />
                <SequencePoint vc="0" uspid="23" ordinal="1" sl="23" sc="1" el="23" ec="2" bec="0" bev="0" fileid="59" />
                <SequencePoint vc="0" uspid="24" ordinal="2" sl="24" sc="1" el="24" ec="2" bec="0" bev="0" fileid="59" />
                <SequencePoint vc="0" uspid="25" ordinal="3" sl="25" sc="1" el="25" ec="2" bec="0" bev="0" fileid="59" />
              </SequencePoints>
              <BranchPoints />
              <MethodPoint vc="0" uspid="0" p8:type="SequencePoint" ordinal="0" offset="0" sc="0" sl="22" ec="1" el="25" bec="0" bev="0" fileid="59" xmlns:p8="xsi" />
            </Method>
          </Methods>
        </Class>
      </Classes>
    </Module>
  </Modules>
</CoverageSession>