<?xml version="1.0" encoding="utf-8"?>
<coverage line-rate="0.1067" branch-rate="0.0334" version="1.9" timestamp="1764879376" lines-covered="227" lines-valid="2126" branches-covered="29" branches-valid="868">
  <sources>
    <source>C:\Users\Admin\Downloads\se07201_aspnetcoremvc-main\SIMS\</source>
  </sources>
  <packages>
    <package name="SIMS" line-rate="0.1067" branch-rate="0.0334" complexity="1085">
      <classes>
        <class name="AspNetCoreGeneratedDocument.Views_ActivityLog_Index" filename="Views\ActivityLog\Index.cshtml" line-rate="0" branch-rate="0" complexity="12">
          <methods>
            <method name="GetActionBadgeClass" signature="(System.String)" line-rate="0" branch-rate="0" complexity="12">
              <lines>
                <line number="78" hits="0" branch="False" />
                <line number="79" hits="0" branch="True" condition-coverage="0% (0/12)">
                  <conditions>
                    <condition number="16" type="jump" coverage="0%" />
                    <condition number="29" type="jump" coverage="0%" />
                    <condition number="42" type="jump" coverage="0%" />
                    <condition number="55" type="jump" coverage="0%" />
                    <condition number="68" type="jump" coverage="0%" />
                    <condition number="81" type="jump" coverage="0%" />
                  </conditions>
                </line>
                <line number="80" hits="0" branch="False" />
                <line number="81" hits="0" branch="False" />
                <line number="82" hits="0" branch="False" />
                <line number="83" hits="0" branch="False" />
                <line number="84" hits="0" branch="False" />
                <line number="85" hits="0" branch="False" />
                <line number="86" hits="0" branch="False" />
                <line number="87" hits="0" branch="False" />
                <line number="88" hits="0" branch="False" />
                <line number="89" hits="0" branch="False" />
              </lines>
            </method>
          </methods>
          <lines>
            <line number="78" hits="0" branch="False" />
            <line number="79" hits="0" branch="True" condition-coverage="0% (0/12)">
              <conditions>
                <condition number="16" type="jump" coverage="0%" />
                <condition number="29" type="jump" coverage="0%" />
                <condition number="42" type="jump" coverage="0%" />
                <condition number="55" type="jump" coverage="0%" />
                <condition number="68" type="jump" coverage="0%" />
                <condition number="81" type="jump" coverage="0%" />
              </conditions>
            </line>
            <line number="80" hits="0" branch="False" />
            <line number="81" hits="0" branch="False" />
            <line number="82" hits="0" branch="False" />
            <line number="83" hits="0" branch="False" />
            <line number="84" hits="0" branch="False" />
            <line number="85" hits="0" branch="False" />
            <line number="86" hits="0" branch="False" />
            <line number="87" hits="0" branch="False" />
            <line number="88" hits="0" branch="False" />
            <line number="89" hits="0" branch="False" />
          </lines>
        </class>
        <class name="AspNetCoreGeneratedDocument.Views_ActivityLog_Index/&lt;ExecuteAsync&gt;d__0" filename="Views\ActivityLog\Index.cshtml" line-rate="0" branch-rate="0" complexity="12">
          <methods>
            <method name="MoveNext" signature="()" line-rate="0" branch-rate="0" complexity="12">
              <lines>
                <line number="3" hits="0" branch="False" />
                <line number="4" hits="0" branch="False" />
                <line number="5" hits="0" branch="False" />
                <line number="6" hits="0" branch="False" />
                <line number="21" hits="0" branch="True" condition-coverage="0% (0/4)">
                  <conditions>
                    <condition number="134" type="jump" coverage="0%" />
                    <condition number="157" type="jump" coverage="0%" />
                  </conditions>
                </line>
                <line number="22" hits="0" branch="False" />
                <line number="36" hits="0" branch="True" condition-coverage="0% (0/2)">
                  <conditions>
                    <condition number="801" type="jump" coverage="0%" />
                  </conditions>
                </line>
                <line number="37" hits="0" branch="False" />
                <line number="41" hits="0" branch="True" condition-coverage="0% (0/2)">
                  <conditions>
                    <condition number="312" type="jump" coverage="0%" />
                  </conditions>
                </line>
                <line number="42" hits="0" branch="False" />
                <line number="44" hits="0" branch="False" />
                <line number="46" hits="0" branch="False" />
                <line number="48" hits="0" branch="True" condition-coverage="0% (0/4)">
                  <conditions>
                    <condition number="702" type="jump" coverage="0%" />
                    <condition number="751" type="jump" coverage="0%" />
                  </conditions>
                </line>
                <line number="59" hits="0" branch="False" />
                <line number="63" hits="0" branch="False" />
                <line number="65" hits="0" branch="False" />
                <line number="69" hits="0" branch="False" />
              </lines>
            </method>
          </methods>
          <lines>
            <line number="3" hits="0" branch="False" />
            <line number="4" hits="0" branch="False" />
            <line number="5" hits="0" branch="False" />
            <line number="6" hits="0" branch="False" />
            <line number="21" hits="0" branch="True" condition-coverage="0% (0/4)">
              <conditions>
                <condition number="134" type="jump" coverage="0%" />
                <condition number="157" type="jump" coverage="0%" />
              </conditions>
            </line>
            <line number="22" hits="0" branch="False" />
            <line number="36" hits="0" branch="True" condition-coverage="0% (0/2)">
              <conditions>
                <condition number="801" type="jump" coverage="0%" />
              </conditions>
            </line>
            <line number="37" hits="0" branch="False" />
            <line number="41" hits="0" branch="True" condition-coverage="0% (0/2)">
              <conditions>
                <condition number="312" type="jump" coverage="0%" />
              </conditions>
            </line>
            <line number="42" hits="0" branch="False" />
            <line number="44" hits="0" branch="False" />
            <line number="46" hits="0" branch="False" />
            <line number="48" hits="0" branch="True" condition-coverage="0% (0/4)">
              <conditions>
                <condition number="702" type="jump" coverage="0%" />
                <condition number="751" type="jump" coverage="0%" />
              </conditions>
            </line>
            <line number="59" hits="0" branch="False" />
            <line number="63" hits="0" branch="False" />
            <line number="65" hits="0" branch="False" />
            <line number="69" hits="0" branch="False" />
          </lines>
        </class>
        <class name="AspNetCoreGeneratedDocument.Views_Authentication_AccessDenied/&lt;ExecuteAsync&gt;d__12" filename="Views\Authentication\AccessDenied.cshtml" line-rate="0" branch-rate="0" complexity="4">
          <methods>
            <method name="MoveNext" signature="()" line-rate="0" branch-rate="0" complexity="4">
              <lines>
                <line number="5" hits="0" branch="True" condition-coverage="0% (0/4)">
                  <conditions>
                    <condition number="330" type="jump" coverage="0%" />
                    <condition number="768" type="jump" coverage="0%" />
                  </conditions>
                </line>
              </lines>
            </method>
          </methods>
          <lines>
            <line number="5" hits="0" branch="True" condition-coverage="0% (0/4)">
              <conditions>
                <condition number="330" type="jump" coverage="0%" />
                <condition number="768" type="jump" coverage="0%" />
              </conditions>
            </line>
          </lines>
        </class>
        <class name="AspNetCoreGeneratedDocument.Views_Course_Add/&lt;&lt;ExecuteAsync&gt;b__28_1&gt;d" filename="Views\Course\Add.cshtml" line-rate="0" branch-rate="1" complexity="1">
          <methods>
            <method name="MoveNext" signature="()" line-rate="0" branch-rate="1" complexity="1">
              <lines>
                <line number="79" hits="0" branch="False" />
              </lines>
            </method>
          </methods>
          <lines>
            <line number="79" hits="0" branch="False" />
          </lines>
        </class>
        <class name="AspNetCoreGeneratedDocument.Views_Course_Add/&lt;ExecuteAsync&gt;d__28" filename="Views\Course\Add.cshtml" line-rate="0" branch-rate="0" complexity="2">
          <methods>
            <method name="MoveNext" signature="()" line-rate="0" branch-rate="0" complexity="2">
              <lines>
                <line number="3" hits="0" branch="False" />
                <line number="4" hits="0" branch="False" />
                <line number="5" hits="0" branch="False" />
                <line number="6" hits="0" branch="True" condition-coverage="0% (0/2)">
                  <conditions>
                    <condition number="550" type="jump" coverage="0%" />
                  </conditions>
                </line>
              </lines>
            </method>
          </methods>
          <lines>
            <line number="3" hits="0" branch="False" />
            <line number="4" hits="0" branch="False" />
            <line number="5" hits="0" branch="False" />
            <line number="6" hits="0" branch="True" condition-coverage="0% (0/2)">
              <conditions>
                <condition number="550" type="jump" coverage="0%" />
              </conditions>
            </line>
          </lines>
        </class>
        <class name="AspNetCoreGeneratedDocument.Views_Course_AssignStudents/&lt;&lt;ExecuteAsync&gt;b__36_0&gt;d" filename="Views\Course\AssignStudents.cshtml" line-rate="0" branch-rate="0" complexity="14">
          <methods>
            <method name="MoveNext" signature="()" line-rate="0" branch-rate="0" complexity="14">
              <lines>
                <line number="64" hits="0" branch="True" condition-coverage="0% (0/14)">
                  <conditions>
                    <condition number="599" type="jump" coverage="0%" />
                    <condition number="1245" type="jump" coverage="0%" />
                    <condition number="1891" type="jump" coverage="0%" />
                    <condition number="2491" type="jump" coverage="0%" />
                    <condition number="3175" type="jump" coverage="0%" />
                    <condition number="3791" type="jump" coverage="0%" />
                    <condition number="4005" type="jump" coverage="0%" />
                  </conditions>
                </line>
                <line number="65" hits="0" branch="False" />
                <line number="69" hits="0" branch="False" />
                <line number="71" hits="0" branch="False" />
                <line number="75" hits="0" branch="False" />
              </lines>
            </method>
          </methods>
          <lines>
            <line number="64" hits="0" branch="True" condition-coverage="0% (0/14)">
              <conditions>
                <condition number="599" type="jump" coverage="0%" />
                <condition number="1245" type="jump" coverage="0%" />
                <condition number="1891" type="jump" coverage="0%" />
                <condition number="2491" type="jump" coverage="0%" />
                <condition number="3175" type="jump" coverage="0%" />
                <condition number="3791" type="jump" coverage="0%" />
                <condition number="4005" type="jump" coverage="0%" />
              </conditions>
            </line>
            <line number="65" hits="0" branch="False" />
            <line number="69" hits="0" branch="False" />
            <line number="71" hits="0" branch="False" />
            <line number="75" hits="0" branch="False" />
          </lines>
        </class>
        <class name="AspNetCoreGeneratedDocument.Views_Course_AssignStudents/&lt;&lt;ExecuteAsync&gt;b__36_10&gt;d" filename="Views\Course\AssignStudents.cshtml" line-rate="0" branch-rate="0" complexity="6">
          <methods>
            <method name="MoveNext" signature="()" line-rate="0" branch-rate="0" complexity="6">
              <lines>
                <line number="56" hits="0" branch="True" condition-coverage="0% (0/4)">
                  <conditions>
                    <condition number="366" type="jump" coverage="0%" />
                    <condition number="1266" type="jump" coverage="0%" />
                  </conditions>
                </line>
                <line number="57" hits="0" branch="True" condition-coverage="0% (0/2)">
                  <conditions>
                    <condition number="1062" type="jump" coverage="0%" />
                  </conditions>
                </line>
                <line number="59" hits="0" branch="False" />
              </lines>
            </method>
          </methods>
          <lines>
            <line number="56" hits="0" branch="True" condition-coverage="0% (0/4)">
              <conditions>
                <condition number="366" type="jump" coverage="0%" />
                <condition number="1266" type="jump" coverage="0%" />
              </conditions>
            </line>
            <line number="57" hits="0" branch="True" condition-coverage="0% (0/2)">
              <conditions>
                <condition number="1062" type="jump" coverage="0%" />
              </conditions>
            </line>
            <line number="59" hits="0" branch="False" />
          </lines>
        </class>
        <class name="AspNetCoreGeneratedDocument.Views_Course_AssignStudents/&lt;&lt;ExecuteAsync&gt;b__36_1&gt;d" filename="Views\Course\AssignStudents.cshtml" line-rate="0" branch-rate="1" complexity="1">
          <methods>
            <method name="MoveNext" signature="()" line-rate="0" branch-rate="1" complexity="1">
              <lines>
                <line number="287" hits="0" branch="False" />
              </lines>
            </method>
          </methods>
          <lines>
            <line number="287" hits="0" branch="False" />
          </lines>
        </class>
        <class name="AspNetCoreGeneratedDocument.Views_Course_AssignStudents/&lt;&gt;c__DisplayClass36_1/&lt;&lt;ExecuteAsync&gt;b__17&gt;d" filename="Views\Course\AssignStudents.cshtml" line-rate="0" branch-rate="0" complexity="74">
          <methods>
            <method name="MoveNext" signature="()" line-rate="0" branch-rate="0" complexity="74">
              <lines>
                <line number="160" hits="0" branch="True" condition-coverage="0% (0/4)">
                  <conditions>
                    <condition number="1488" type="jump" coverage="0%" />
                    <condition number="1733" type="jump" coverage="0%" />
                  </conditions>
                </line>
                <line number="161" hits="0" branch="True" condition-coverage="0% (0/2)">
                  <conditions>
                    <condition number="2242" type="jump" coverage="0%" />
                  </conditions>
                </line>
                <line number="163" hits="0" branch="False" />
                <line number="165" hits="0" branch="True" condition-coverage="0% (0/2)">
                  <conditions>
                    <condition number="2853" type="jump" coverage="0%" />
                  </conditions>
                </line>
                <line number="167" hits="0" branch="False" />
                <line number="168" hits="0" branch="True" condition-coverage="0% (0/2)">
                  <conditions>
                    <condition number="3099" type="jump" coverage="0%" />
                  </conditions>
                </line>
                <line number="169" hits="0" branch="True" condition-coverage="0% (0/2)">
                  <conditions>
                    <condition number="3608" type="jump" coverage="0%" />
                  </conditions>
                </line>
                <line number="171" hits="0" branch="False" />
                <line number="173" hits="0" branch="True" condition-coverage="0% (0/2)">
                  <conditions>
                    <condition number="4219" type="jump" coverage="0%" />
                  </conditions>
                </line>
                <line number="175" hits="0" branch="False" />
                <line number="176" hits="0" branch="True" condition-coverage="0% (0/2)">
                  <conditions>
                    <condition number="4466" type="jump" coverage="0%" />
                  </conditions>
                </line>
                <line number="177" hits="0" branch="True" condition-coverage="0% (0/2)">
                  <conditions>
                    <condition number="4976" type="jump" coverage="0%" />
                  </conditions>
                </line>
                <line number="179" hits="0" branch="False" />
                <line number="181" hits="0" branch="True" condition-coverage="0% (0/2)">
                  <conditions>
                    <condition number="5589" type="jump" coverage="0%" />
                  </conditions>
                </line>
                <line number="183" hits="0" branch="False" />
                <line number="184" hits="0" branch="True" condition-coverage="0% (0/2)">
                  <conditions>
                    <condition number="5836" type="jump" coverage="0%" />
                  </conditions>
                </line>
                <line number="185" hits="0" branch="True" condition-coverage="0% (0/2)">
                  <conditions>
                    <condition number="6346" type="jump" coverage="0%" />
                  </conditions>
                </line>
                <line number="187" hits="0" branch="False" />
                <line number="189" hits="0" branch="True" condition-coverage="0% (0/2)">
                  <conditions>
                    <condition number="6959" type="jump" coverage="0%" />
                  </conditions>
                </line>
                <line number="191" hits="0" branch="False" />
                <line number="192" hits="0" branch="True" condition-coverage="0% (0/2)">
                  <conditions>
                    <condition number="7206" type="jump" coverage="0%" />
                  </conditions>
                </line>
                <line number="193" hits="0" branch="True" condition-coverage="0% (0/2)">
                  <conditions>
                    <condition number="7716" type="jump" coverage="0%" />
                  </conditions>
                </line>
                <line number="195" hits="0" branch="False" />
                <line number="197" hits="0" branch="True" condition-coverage="0% (0/2)">
                  <conditions>
                    <condition number="8329" type="jump" coverage="0%" />
                  </conditions>
                </line>
                <line number="199" hits="0" branch="False" />
                <line number="200" hits="0" branch="True" condition-coverage="0% (0/2)">
                  <conditions>
                    <condition number="8576" type="jump" coverage="0%" />
                  </conditions>
                </line>
                <line number="201" hits="0" branch="True" condition-coverage="0% (0/2)">
                  <conditions>
                    <condition number="9086" type="jump" coverage="0%" />
                  </conditions>
                </line>
                <line number="203" hits="0" branch="False" />
                <line number="205" hits="0" branch="True" condition-coverage="0% (0/2)">
                  <conditions>
                    <condition number="9699" type="jump" coverage="0%" />
                  </conditions>
                </line>
                <line number="207" hits="0" branch="False" />
                <line number="208" hits="0" branch="True" condition-coverage="0% (0/2)">
                  <conditions>
                    <condition number="9946" type="jump" coverage="0%" />
                  </conditions>
                </line>
                <line number="209" hits="0" branch="True" condition-coverage="0% (0/2)">
                  <conditions>
                    <condition number="10456" type="jump" coverage="0%" />
                  </conditions>
                </line>
                <line number="211" hits="0" branch="False" />
                <line number="213" hits="0" branch="True" condition-coverage="0% (0/2)">
                  <conditions>
                    <condition number="11069" type="jump" coverage="0%" />
                  </conditions>
                </line>
                <line number="215" hits="0" branch="False" />
                <line number="216" hits="0" branch="True" condition-coverage="0% (0/2)">
                  <conditions>
                    <condition number="11316" type="jump" coverage="0%" />
                  </conditions>
                </line>
                <line number="217" hits="0" branch="True" condition-coverage="0% (0/2)">
                  <conditions>
                    <condition number="11826" type="jump" coverage="0%" />
                  </conditions>
                </line>
                <line number="219" hits="0" branch="False" />
                <line number="221" hits="0" branch="True" condition-coverage="0% (0/2)">
                  <conditions>
                    <condition number="12439" type="jump" coverage="0%" />
                  </conditions>
                </line>
                <line number="223" hits="0" branch="False" />
                <line number="224" hits="0" branch="True" condition-coverage="0% (0/2)">
                  <conditions>
                    <condition number="12686" type="jump" coverage="0%" />
                  </conditions>
                </line>
                <line number="225" hits="0" branch="True" condition-coverage="0% (0/2)">
                  <conditions>
                    <condition number="13196" type="jump" coverage="0%" />
                  </conditions>
                </line>
                <line number="227" hits="0" branch="False" />
                <line number="229" hits="0" branch="True" condition-coverage="0% (0/2)">
                  <conditions>
                    <condition number="13809" type="jump" coverage="0%" />
                  </conditions>
                </line>
                <line number="231" hits="0" branch="False" />
                <line number="232" hits="0" branch="True" condition-coverage="0% (0/2)">
                  <conditions>
                    <condition number="14056" type="jump" coverage="0%" />
                  </conditions>
                </line>
                <line number="233" hits="0" branch="True" condition-coverage="0% (0/2)">
                  <conditions>
                    <condition number="14566" type="jump" coverage="0%" />
                  </conditions>
                </line>
                <line number="235" hits="0" branch="False" />
                <line number="237" hits="0" branch="True" condition-coverage="0% (0/2)">
                  <conditions>
                    <condition number="15179" type="jump" coverage="0%" />
                  </conditions>
                </line>
                <line number="239" hits="0" branch="False" />
                <line number="240" hits="0" branch="True" condition-coverage="0% (0/2)">
                  <conditions>
                    <condition number="15426" type="jump" coverage="0%" />
                  </conditions>
                </line>
                <line number="241" hits="0" branch="True" condition-coverage="0% (0/2)">
                  <conditions>
                    <condition number="15936" type="jump" coverage="0%" />
                  </conditions>
                </line>
                <line number="243" hits="0" branch="False" />
                <line number="245" hits="0" branch="True" condition-coverage="0% (0/2)">
                  <conditions>
                    <condition number="16549" type="jump" coverage="0%" />
                  </conditions>
                </line>
                <line number="247" hits="0" branch="False" />
                <line number="248" hits="0" branch="True" condition-coverage="0% (0/2)">
                  <conditions>
                    <condition number="16796" type="jump" coverage="0%" />
                  </conditions>
                </line>
                <line number="249" hits="0" branch="True" condition-coverage="0% (0/2)">
                  <conditions>
                    <condition number="17306" type="jump" coverage="0%" />
                  </conditions>
                </line>
                <line number="251" hits="0" branch="False" />
                <line number="253" hits="0" branch="True" condition-coverage="0% (0/2)">
                  <conditions>
                    <condition number="17919" type="jump" coverage="0%" />
                  </conditions>
                </line>
                <line number="255" hits="0" branch="False" />
              </lines>
            </method>
          </methods>
          <lines>
            <line number="160" hits="0" branch="True" condition-coverage="0% (0/4)">
              <conditions>
                <condition number="1488" type="jump" coverage="0%" />
                <condition number="1733" type="jump" coverage="0%" />
              </conditions>
            </line>
            <line number="161" hits="0" branch="True" condition-coverage="0% (0/2)">
              <conditions>
                <condition number="2242" type="jump" coverage="0%" />
              </conditions>
            </line>
            <line number="163" hits="0" branch="False" />
            <line number="165" hits="0" branch="True" condition-coverage="0% (0/2)">
              <conditions>
                <condition number="2853" type="jump" coverage="0%" />
              </conditions>
            </line>
            <line number="167" hits="0" branch="False" />
            <line number="168" hits="0" branch="True" condition-coverage="0% (0/2)">
              <conditions>
                <condition number="3099" type="jump" coverage="0%" />
              </conditions>
            </line>
            <line number="169" hits="0" branch="True" condition-coverage="0% (0/2)">
              <conditions>
                <condition number="3608" type="jump" coverage="0%" />
              </conditions>
            </line>
            <line number="171" hits="0" branch="False" />
            <line number="173" hits="0" branch="True" condition-coverage="0% (0/2)">
              <conditions>
                <condition number="4219" type="jump" coverage="0%" />
              </conditions>
            </line>
            <line number="175" hits="0" branch="False" />
            <line number="176" hits="0" branch="True" condition-coverage="0% (0/2)">
              <conditions>
                <condition number="4466" type="jump" coverage="0%" />
              </conditions>
            </line>
            <line number="177" hits="0" branch="True" condition-coverage="0% (0/2)">
              <conditions>
                <condition number="4976" type="jump" coverage="0%" />
              </conditions>
            </line>
            <line number="179" hits="0" branch="False" />
            <line number="181" hits="0" branch="True" condition-coverage="0% (0/2)">
              <conditions>
                <condition number="5589" type="jump" coverage="0%" />
              </conditions>
            </line>
            <line number="183" hits="0" branch="False" />
            <line number="184" hits="0" branch="True" condition-coverage="0% (0/2)">
              <conditions>
                <condition number="5836" type="jump" coverage="0%" />
              </conditions>
            </line>
            <line number="185" hits="0" branch="True" condition-coverage="0% (0/2)">
              <conditions>
                <condition number="6346" type="jump" coverage="0%" />
              </conditions>
            </line>
            <line number="187" hits="0" branch="False" />
            <line number="189" hits="0" branch="True" condition-coverage="0% (0/2)">
              <conditions>
                <condition number="6959" type="jump" coverage="0%" />
              </conditions>
            </line>
            <line number="191" hits="0" branch="False" />
            <line number="192" hits="0" branch="True" condition-coverage="0% (0/2)">
              <conditions>
                <condition number="7206" type="jump" coverage="0%" />
              </conditions>
            </line>
            <line number="193" hits="0" branch="True" condition-coverage="0% (0/2)">
              <conditions>
                <condition number="7716" type="jump" coverage="0%" />
              </conditions>
            </line>
            <line number="195" hits="0" branch="False" />
            <line number="197" hits="0" branch="True" condition-coverage="0% (0/2)">
              <conditions>
                <condition number="8329" type="jump" coverage="0%" />
              </conditions>
            </line>
            <line number="199" hits="0" branch="False" />
            <line number="200" hits="0" branch="True" condition-coverage="0% (0/2)">
              <conditions>
                <condition number="8576" type="jump" coverage="0%" />
              </conditions>
            </line>
            <line number="201" hits="0" branch="True" condition-coverage="0% (0/2)">
              <conditions>
                <condition number="9086" type="jump" coverage="0%" />
              </conditions>
            </line>
            <line number="203" hits="0" branch="False" />
            <line number="205" hits="0" branch="True" condition-coverage="0% (0/2)">
              <conditions>
                <condition number="9699" type="jump" coverage="0%" />
              </conditions>
            </line>
            <line number="207" hits="0" branch="False" />
            <line number="208" hits="0" branch="True" condition-coverage="0% (0/2)">
              <conditions>
                <condition number="9946" type="jump" coverage="0%" />
              </conditions>
            </line>
            <line number="209" hits="0" branch="True" condition-coverage="0% (0/2)">
              <conditions>
                <condition number="10456" type="jump" coverage="0%" />
              </conditions>
            </line>
            <line number="211" hits="0" branch="False" />
            <line number="213" hits="0" branch="True" condition-coverage="0% (0/2)">
              <conditions>
                <condition number="11069" type="jump" coverage="0%" />
              </conditions>
            </line>
            <line number="215" hits="0" branch="False" />
            <line number="216" hits="0" branch="True" condition-coverage="0% (0/2)">
              <conditions>
                <condition number="11316" type="jump" coverage="0%" />
              </conditions>
            </line>
            <line number="217" hits="0" branch="True" condition-coverage="0% (0/2)">
              <conditions>
                <condition number="11826" type="jump" coverage="0%" />
              </conditions>
            </line>
            <line number="219" hits="0" branch="False" />
            <line number="221" hits="0" branch="True" condition-coverage="0% (0/2)">
              <conditions>
                <condition number="12439" type="jump" coverage="0%" />
              </conditions>
            </line>
            <line number="223" hits="0" branch="False" />
            <line number="224" hits="0" branch="True" condition-coverage="0% (0/2)">
              <conditions>
                <condition number="12686" type="jump" coverage="0%" />
              </conditions>
            </line>
            <line number="225" hits="0" branch="True" condition-coverage="0% (0/2)">
              <conditions>
                <condition number="13196" type="jump" coverage="0%" />
              </conditions>
            </line>
            <line number="227" hits="0" branch="False" />
            <line number="229" hits="0" branch="True" condition-coverage="0% (0/2)">
              <conditions>
                <condition number="13809" type="jump" coverage="0%" />
              </conditions>
            </line>
            <line number="231" hits="0" branch="False" />
            <line number="232" hits="0" branch="True" condition-coverage="0% (0/2)">
              <conditions>
                <condition number="14056" type="jump" coverage="0%" />
              </conditions>
            </line>
            <line number="233" hits="0" branch="True" condition-coverage="0% (0/2)">
              <conditions>
                <condition number="14566" type="jump" coverage="0%" />
              </conditions>
            </line>
            <line number="235" hits="0" branch="False" />
            <line number="237" hits="0" branch="True" condition-coverage="0% (0/2)">
              <conditions>
                <condition number="15179" type="jump" coverage="0%" />
              </conditions>
            </line>
            <line number="239" hits="0" branch="False" />
            <line number="240" hits="0" branch="True" condition-coverage="0% (0/2)">
              <conditions>
                <condition number="15426" type="jump" coverage="0%" />
              </conditions>
            </line>
            <line number="241" hits="0" branch="True" condition-coverage="0% (0/2)">
              <conditions>
                <condition number="15936" type="jump" coverage="0%" />
              </conditions>
            </line>
            <line number="243" hits="0" branch="False" />
            <line number="245" hits="0" branch="True" condition-coverage="0% (0/2)">
              <conditions>
                <condition number="16549" type="jump" coverage="0%" />
              </conditions>
            </line>
            <line number="247" hits="0" branch="False" />
            <line number="248" hits="0" branch="True" condition-coverage="0% (0/2)">
              <conditions>
                <condition number="16796" type="jump" coverage="0%" />
              </conditions>
            </line>
            <line number="249" hits="0" branch="True" condition-coverage="0% (0/2)">
              <conditions>
                <condition number="17306" type="jump" coverage="0%" />
              </conditions>
            </line>
            <line number="251" hits="0" branch="False" />
            <line number="253" hits="0" branch="True" condition-coverage="0% (0/2)">
              <conditions>
                <condition number="17919" type="jump" coverage="0%" />
              </conditions>
            </line>
            <line number="255" hits="0" branch="False" />
          </lines>
        </class>
        <class name="AspNetCoreGeneratedDocument.Views_Course_AssignStudents/&lt;ExecuteAsync&gt;d__36" filename="Views\Course\AssignStudents.cshtml" line-rate="0" branch-rate="0" complexity="24">
          <methods>
            <method name="MoveNext" signature="()" line-rate="0" branch-rate="0" complexity="24">
              <lines>
                <line number="3" hits="0" branch="False" />
                <line number="4" hits="0" branch="False" />
                <line number="5" hits="0" branch="False" />
                <line number="6" hits="0" branch="False" />
                <line number="10" hits="0" branch="True" condition-coverage="0% (0/2)">
                  <conditions>
                    <condition number="196" type="jump" coverage="0%" />
                  </conditions>
                </line>
                <line number="11" hits="0" branch="False" />
                <line number="16" hits="0" branch="False" />
                <line number="17" hits="0" branch="True" condition-coverage="0% (0/2)">
                  <conditions>
                    <condition number="293" type="jump" coverage="0%" />
                  </conditions>
                </line>
                <line number="18" hits="0" branch="False" />
                <line number="23" hits="0" branch="True" condition-coverage="0% (0/2)">
                  <conditions>
                    <condition number="1003" type="jump" coverage="0%" />
                  </conditions>
                </line>
                <line number="88" hits="0" branch="True" condition-coverage="0% (0/4)">
                  <conditions>
                    <condition number="1260" type="jump" coverage="0%" />
                    <condition number="1290" type="jump" coverage="0%" />
                  </conditions>
                </line>
                <line number="89" hits="0" branch="False" />
                <line number="103" hits="0" branch="True" condition-coverage="0% (0/2)">
                  <conditions>
                    <condition number="3801" type="jump" coverage="0%" />
                  </conditions>
                </line>
                <line number="104" hits="0" branch="True" condition-coverage="0% (0/4)">
                  <conditions>
                    <condition number="1583" type="jump" coverage="0%" />
                    <condition number="1609" type="jump" coverage="0%" />
                  </conditions>
                </line>
                <line number="110" hits="0" branch="True" condition-coverage="0% (0/2)">
                  <conditions>
                    <condition number="1668" type="jump" coverage="0%" />
                  </conditions>
                </line>
                <line number="111" hits="0" branch="False" />
                <line number="113" hits="0" branch="False" />
                <line number="115" hits="0" branch="False" />
                <line number="117" hits="0" branch="True" condition-coverage="0% (0/6)">
                  <conditions>
                    <condition number="1886" type="jump" coverage="0%" />
                    <condition number="2494" type="jump" coverage="0%" />
                    <condition number="3596" type="jump" coverage="0%" />
                  </conditions>
                </line>
                <line number="269" hits="0" branch="False" />
                <line number="273" hits="0" branch="False" />
                <line number="275" hits="0" branch="False" />
                <line number="279" hits="0" branch="False" />
              </lines>
            </method>
          </methods>
          <lines>
            <line number="3" hits="0" branch="False" />
            <line number="4" hits="0" branch="False" />
            <line number="5" hits="0" branch="False" />
            <line number="6" hits="0" branch="False" />
            <line number="10" hits="0" branch="True" condition-coverage="0% (0/2)">
              <conditions>
                <condition number="196" type="jump" coverage="0%" />
              </conditions>
            </line>
            <line number="11" hits="0" branch="False" />
            <line number="16" hits="0" branch="False" />
            <line number="17" hits="0" branch="True" condition-coverage="0% (0/2)">
              <conditions>
                <condition number="293" type="jump" coverage="0%" />
              </conditions>
            </line>
            <line number="18" hits="0" branch="False" />
            <line number="23" hits="0" branch="True" condition-coverage="0% (0/2)">
              <conditions>
                <condition number="1003" type="jump" coverage="0%" />
              </conditions>
            </line>
            <line number="88" hits="0" branch="True" condition-coverage="0% (0/4)">
              <conditions>
                <condition number="1260" type="jump" coverage="0%" />
                <condition number="1290" type="jump" coverage="0%" />
              </conditions>
            </line>
            <line number="89" hits="0" branch="False" />
            <line number="103" hits="0" branch="True" condition-coverage="0% (0/2)">
              <conditions>
                <condition number="3801" type="jump" coverage="0%" />
              </conditions>
            </line>
            <line number="104" hits="0" branch="True" condition-coverage="0% (0/4)">
              <conditions>
                <condition number="1583" type="jump" coverage="0%" />
                <condition number="1609" type="jump" coverage="0%" />
              </conditions>
            </line>
            <line number="110" hits="0" branch="True" condition-coverage="0% (0/2)">
              <conditions>
                <condition number="1668" type="jump" coverage="0%" />
              </conditions>
            </line>
            <line number="111" hits="0" branch="False" />
            <line number="113" hits="0" branch="False" />
            <line number="115" hits="0" branch="False" />
            <line number="117" hits="0" branch="True" condition-coverage="0% (0/6)">
              <conditions>
                <condition number="1886" type="jump" coverage="0%" />
                <condition number="2494" type="jump" coverage="0%" />
                <condition number="3596" type="jump" coverage="0%" />
              </conditions>
            </line>
            <line number="269" hits="0" branch="False" />
            <line number="273" hits="0" branch="False" />
            <line number="275" hits="0" branch="False" />
            <line number="279" hits="0" branch="False" />
          </lines>
        </class>
        <class name="AspNetCoreGeneratedDocument.Views_Course_Details/&lt;ExecuteAsync&gt;d__0" filename="Views\Course\Details.cshtml" line-rate="0" branch-rate="0" complexity="16">
          <methods>
            <method name="MoveNext" signature="()" line-rate="0" branch-rate="0" complexity="16">
              <lines>
                <line number="3" hits="0" branch="False" />
                <line number="4" hits="0" branch="False" />
                <line number="5" hits="0" branch="False" />
                <line number="6" hits="0" branch="False" />
                <line number="7" hits="0" branch="True" condition-coverage="0% (0/10)">
                  <conditions>
                    <condition number="112" type="jump" coverage="0%" />
                    <condition number="200" type="jump" coverage="0%" />
                    <condition number="466" type="jump" coverage="0%" />
                    <condition number="570" type="jump" coverage="0%" />
                    <condition number="715" type="jump" coverage="0%" />
                  </conditions>
                </line>
                <line number="55" hits="0" branch="True" condition-coverage="0% (0/2)">
                  <conditions>
                    <condition number="875" type="jump" coverage="0%" />
                  </conditions>
                </line>
                <line number="56" hits="0" branch="False" />
                <line number="67" hits="0" branch="True" condition-coverage="0% (0/2)">
                  <conditions>
                    <condition number="1194" type="jump" coverage="0%" />
                  </conditions>
                </line>
                <line number="68" hits="0" branch="False" />
                <line number="78" hits="0" branch="False" />
                <line number="82" hits="0" branch="False" />
                <line number="84" hits="0" branch="False" />
                <line number="86" hits="0" branch="False" />
                <line number="92" hits="0" branch="True" condition-coverage="0% (0/2)">
                  <conditions>
                    <condition number="1312" type="jump" coverage="0%" />
                  </conditions>
                </line>
                <line number="93" hits="0" branch="False" />
                <line number="111" hits="0" branch="False" />
              </lines>
            </method>
          </methods>
          <lines>
            <line number="3" hits="0" branch="False" />
            <line number="4" hits="0" branch="False" />
            <line number="5" hits="0" branch="False" />
            <line number="6" hits="0" branch="False" />
            <line number="7" hits="0" branch="True" condition-coverage="0% (0/10)">
              <conditions>
                <condition number="112" type="jump" coverage="0%" />
                <condition number="200" type="jump" coverage="0%" />
                <condition number="466" type="jump" coverage="0%" />
                <condition number="570" type="jump" coverage="0%" />
                <condition number="715" type="jump" coverage="0%" />
              </conditions>
            </line>
            <line number="55" hits="0" branch="True" condition-coverage="0% (0/2)">
              <conditions>
                <condition number="875" type="jump" coverage="0%" />
              </conditions>
            </line>
            <line number="56" hits="0" branch="False" />
            <line number="67" hits="0" branch="True" condition-coverage="0% (0/2)">
              <conditions>
                <condition number="1194" type="jump" coverage="0%" />
              </conditions>
            </line>
            <line number="68" hits="0" branch="False" />
            <line number="78" hits="0" branch="False" />
            <line number="82" hits="0" branch="False" />
            <line number="84" hits="0" branch="False" />
            <line number="86" hits="0" branch="False" />
            <line number="92" hits="0" branch="True" condition-coverage="0% (0/2)">
              <conditions>
                <condition number="1312" type="jump" coverage="0%" />
              </conditions>
            </line>
            <line number="93" hits="0" branch="False" />
            <line number="111" hits="0" branch="False" />
          </lines>
        </class>
        <class name="AspNetCoreGeneratedDocument.Views_Course_Edit/&lt;&lt;ExecuteAsync&gt;b__29_1&gt;d" filename="Views\Course\Edit.cshtml" line-rate="0" branch-rate="1" complexity="1">
          <methods>
            <method name="MoveNext" signature="()" line-rate="0" branch-rate="1" complexity="1">
              <lines>
                <line number="80" hits="0" branch="False" />
              </lines>
            </method>
          </methods>
          <lines>
            <line number="80" hits="0" branch="False" />
          </lines>
        </class>
        <class name="AspNetCoreGeneratedDocument.Views_Course_Edit/&lt;ExecuteAsync&gt;d__29" filename="Views\Course\Edit.cshtml" line-rate="0" branch-rate="0" complexity="2">
          <methods>
            <method name="MoveNext" signature="()" line-rate="0" branch-rate="0" complexity="2">
              <lines>
                <line number="3" hits="0" branch="False" />
                <line number="4" hits="0" branch="False" />
                <line number="5" hits="0" branch="False" />
                <line number="6" hits="0" branch="True" condition-coverage="0% (0/2)">
                  <conditions>
                    <condition number="550" type="jump" coverage="0%" />
                  </conditions>
                </line>
              </lines>
            </method>
          </methods>
          <lines>
            <line number="3" hits="0" branch="False" />
            <line number="4" hits="0" branch="False" />
            <line number="5" hits="0" branch="False" />
            <line number="6" hits="0" branch="True" condition-coverage="0% (0/2)">
              <conditions>
                <condition number="550" type="jump" coverage="0%" />
              </conditions>
            </line>
          </lines>
        </class>
        <class name="AspNetCoreGeneratedDocument.Views_Course_Index/&lt;ExecuteAsync&gt;d__13" filename="Views\Course\Index.cshtml" line-rate="0" branch-rate="0" complexity="22">
          <methods>
            <method name="MoveNext" signature="()" line-rate="0" branch-rate="0" complexity="22">
              <lines>
                <line number="3" hits="0" branch="False" />
                <line number="4" hits="0" branch="False" />
                <line number="5" hits="0" branch="False" />
                <line number="6" hits="0" branch="False" />
                <line number="10" hits="0" branch="True" condition-coverage="0% (0/2)">
                  <conditions>
                    <condition number="160" type="jump" coverage="0%" />
                  </conditions>
                </line>
                <line number="11" hits="0" branch="False" />
                <line number="16" hits="0" branch="False" />
                <line number="17" hits="0" branch="True" condition-coverage="0% (0/2)">
                  <conditions>
                    <condition number="257" type="jump" coverage="0%" />
                  </conditions>
                </line>
                <line number="18" hits="0" branch="False" />
                <line number="23" hits="0" branch="False" />
                <line number="29" hits="0" branch="True" condition-coverage="0% (0/2)">
                  <conditions>
                    <condition number="368" type="jump" coverage="0%" />
                  </conditions>
                </line>
                <line number="30" hits="0" branch="False" />
                <line number="34" hits="0" branch="False" />
                <line number="43" hits="0" branch="True" condition-coverage="0% (0/4)">
                  <conditions>
                    <condition number="543" type="jump" coverage="0%" />
                    <condition number="568" type="jump" coverage="0%" />
                  </conditions>
                </line>
                <line number="44" hits="0" branch="False" />
                <line number="58" hits="0" branch="True" condition-coverage="0% (0/2)">
                  <conditions>
                    <condition number="2209" type="jump" coverage="0%" />
                  </conditions>
                </line>
                <line number="59" hits="0" branch="True" condition-coverage="0% (0/4)">
                  <conditions>
                    <condition number="872" type="jump" coverage="0%" />
                    <condition number="1017" type="jump" coverage="0%" />
                  </conditions>
                </line>
                <line number="72" hits="0" branch="True" condition-coverage="0% (0/2)">
                  <conditions>
                    <condition number="1144" type="jump" coverage="0%" />
                  </conditions>
                </line>
                <line number="73" hits="0" branch="True" condition-coverage="0% (0/2)">
                  <conditions>
                    <condition number="1965" type="jump" coverage="0%" />
                  </conditions>
                </line>
                <line number="90" hits="0" branch="False" />
                <line number="92" hits="0" branch="False" />
                <line number="94" hits="0" branch="False" />
                <line number="98" hits="0" branch="False" />
                <line number="102" hits="0" branch="False" />
                <line number="104" hits="0" branch="False" />
                <line number="107" hits="0" branch="True" condition-coverage="0% (0/2)">
                  <conditions>
                    <condition number="2317" type="jump" coverage="0%" />
                  </conditions>
                </line>
                <line number="108" hits="0" branch="False" />
                <line number="110" hits="0" branch="False" />
                <line number="112" hits="0" branch="False" />
              </lines>
            </method>
          </methods>
          <lines>
            <line number="3" hits="0" branch="False" />
            <line number="4" hits="0" branch="False" />
            <line number="5" hits="0" branch="False" />
            <line number="6" hits="0" branch="False" />
            <line number="10" hits="0" branch="True" condition-coverage="0% (0/2)">
              <conditions>
                <condition number="160" type="jump" coverage="0%" />
              </conditions>
            </line>
            <line number="11" hits="0" branch="False" />
            <line number="16" hits="0" branch="False" />
            <line number="17" hits="0" branch="True" condition-coverage="0% (0/2)">
              <conditions>
                <condition number="257" type="jump" coverage="0%" />
              </conditions>
            </line>
            <line number="18" hits="0" branch="False" />
            <line number="23" hits="0" branch="False" />
            <line number="29" hits="0" branch="True" condition-coverage="0% (0/2)">
              <conditions>
                <condition number="368" type="jump" coverage="0%" />
              </conditions>
            </line>
            <line number="30" hits="0" branch="False" />
            <line number="34" hits="0" branch="False" />
            <line number="43" hits="0" branch="True" condition-coverage="0% (0/4)">
              <conditions>
                <condition number="543" type="jump" coverage="0%" />
                <condition number="568" type="jump" coverage="0%" />
              </conditions>
            </line>
            <line number="44" hits="0" branch="False" />
            <line number="58" hits="0" branch="True" condition-coverage="0% (0/2)">
              <conditions>
                <condition number="2209" type="jump" coverage="0%" />
              </conditions>
            </line>
            <line number="59" hits="0" branch="True" condition-coverage="0% (0/4)">
              <conditions>
                <condition number="872" type="jump" coverage="0%" />
                <condition number="1017" type="jump" coverage="0%" />
              </conditions>
            </line>
            <line number="72" hits="0" branch="True" condition-coverage="0% (0/2)">
              <conditions>
                <condition number="1144" type="jump" coverage="0%" />
              </conditions>
            </line>
            <line number="73" hits="0" branch="True" condition-coverage="0% (0/2)">
              <conditions>
                <condition number="1965" type="jump" coverage="0%" />
              </conditions>
            </line>
            <line number="90" hits="0" branch="False" />
            <line number="92" hits="0" branch="False" />
            <line number="94" hits="0" branch="False" />
            <line number="98" hits="0" branch="False" />
            <line number="102" hits="0" branch="False" />
            <line number="104" hits="0" branch="False" />
            <line number="107" hits="0" branch="True" condition-coverage="0% (0/2)">
              <conditions>
                <condition number="2317" type="jump" coverage="0%" />
              </conditions>
            </line>
            <line number="108" hits="0" branch="False" />
            <line number="110" hits="0" branch="False" />
            <line number="112" hits="0" branch="False" />
          </lines>
        </class>
        <class name="AspNetCoreGeneratedDocument.Views_Dashboard_Index/&lt;ExecuteAsync&gt;d__0" filename="Views\Dashboard\Index.cshtml" line-rate="0" branch-rate="0" complexity="32">
          <methods>
            <method name="MoveNext" signature="()" line-rate="0" branch-rate="0" complexity="32">
              <lines>
                <line number="5" hits="0" branch="False" />
                <line number="6" hits="0" branch="False" />
                <line number="7" hits="0" branch="False" />
                <line number="8" hits="0" branch="True" condition-coverage="0% (0/16)">
                  <conditions>
                    <condition number="128" type="jump" coverage="0%" />
                    <condition number="220" type="jump" coverage="0%" />
                    <condition number="330" type="jump" coverage="0%" />
                    <condition number="422" type="jump" coverage="0%" />
                    <condition number="532" type="jump" coverage="0%" />
                    <condition number="624" type="jump" coverage="0%" />
                    <condition number="734" type="jump" coverage="0%" />
                    <condition number="826" type="jump" coverage="0%" />
                  </conditions>
                </line>
                <line number="97" hits="0" branch="True" condition-coverage="0% (0/2)">
                  <conditions>
                    <condition number="954" type="jump" coverage="0%" />
                  </conditions>
                </line>
                <line number="98" hits="0" branch="False" />
                <line number="105" hits="0" branch="False" />
                <line number="112" hits="0" branch="True" condition-coverage="0% (0/2)">
                  <conditions>
                    <condition number="1510" type="jump" coverage="0%" />
                  </conditions>
                </line>
                <line number="113" hits="0" branch="False" />
                <line number="117" hits="0" branch="True" condition-coverage="0% (0/12)">
                  <conditions>
                    <condition number="1679" type="jump" coverage="0%" />
                    <condition number="1771" type="jump" coverage="0%" />
                    <condition number="1881" type="jump" coverage="0%" />
                    <condition number="1973" type="jump" coverage="0%" />
                    <condition number="2083" type="jump" coverage="0%" />
                    <condition number="2175" type="jump" coverage="0%" />
                  </conditions>
                </line>
              </lines>
            </method>
          </methods>
          <lines>
            <line number="5" hits="0" branch="False" />
            <line number="6" hits="0" branch="False" />
            <line number="7" hits="0" branch="False" />
            <line number="8" hits="0" branch="True" condition-coverage="0% (0/16)">
              <conditions>
                <condition number="128" type="jump" coverage="0%" />
                <condition number="220" type="jump" coverage="0%" />
                <condition number="330" type="jump" coverage="0%" />
                <condition number="422" type="jump" coverage="0%" />
                <condition number="532" type="jump" coverage="0%" />
                <condition number="624" type="jump" coverage="0%" />
                <condition number="734" type="jump" coverage="0%" />
                <condition number="826" type="jump" coverage="0%" />
              </conditions>
            </line>
            <line number="97" hits="0" branch="True" condition-coverage="0% (0/2)">
              <conditions>
                <condition number="954" type="jump" coverage="0%" />
              </conditions>
            </line>
            <line number="98" hits="0" branch="False" />
            <line number="105" hits="0" branch="False" />
            <line number="112" hits="0" branch="True" condition-coverage="0% (0/2)">
              <conditions>
                <condition number="1510" type="jump" coverage="0%" />
              </conditions>
            </line>
            <line number="113" hits="0" branch="False" />
            <line number="117" hits="0" branch="True" condition-coverage="0% (0/12)">
              <conditions>
                <condition number="1679" type="jump" coverage="0%" />
                <condition number="1771" type="jump" coverage="0%" />
                <condition number="1881" type="jump" coverage="0%" />
                <condition number="1973" type="jump" coverage="0%" />
                <condition number="2083" type="jump" coverage="0%" />
                <condition number="2175" type="jump" coverage="0%" />
              </conditions>
            </line>
          </lines>
        </class>
        <class name="AspNetCoreGeneratedDocument.Views_Home_Index/&lt;ExecuteAsync&gt;d__0" filename="Views\Home\Index.cshtml" line-rate="0" branch-rate="1" complexity="1">
          <methods>
            <method name="MoveNext" signature="()" line-rate="0" branch-rate="1" complexity="1">
              <lines>
                <line number="2" hits="0" branch="False" />
              </lines>
            </method>
          </methods>
          <lines>
            <line number="2" hits="0" branch="False" />
          </lines>
        </class>
        <class name="AspNetCoreGeneratedDocument.Views_Home_Privacy/&lt;ExecuteAsync&gt;d__0" filename="Views\Home\Privacy.cshtml" line-rate="0" branch-rate="1" complexity="1">
          <methods>
            <method name="MoveNext" signature="()" line-rate="0" branch-rate="1" complexity="1">
              <lines>
                <line number="2" hits="0" branch="False" />
              </lines>
            </method>
          </methods>
          <lines>
            <line number="2" hits="0" branch="False" />
          </lines>
        </class>
        <class name="AspNetCoreGeneratedDocument.Views_Login_Index/&lt;&lt;ExecuteAsync&gt;b__34_1&gt;d" filename="Views\Login\Index.cshtml" line-rate="0" branch-rate="0" complexity="6">
          <methods>
            <method name="MoveNext" signature="()" line-rate="0" branch-rate="0" complexity="6">
              <lines>
                <line number="32" hits="0" branch="True" condition-coverage="0% (0/2)">
                  <conditions>
                    <condition number="95" type="jump" coverage="0%" />
                  </conditions>
                </line>
                <line number="33" hits="0" branch="False" />
                <line number="37" hits="0" branch="True" condition-coverage="0% (0/4)">
                  <conditions>
                    <condition number="613" type="jump" coverage="0%" />
                    <condition number="1104" type="jump" coverage="0%" />
                  </conditions>
                </line>
              </lines>
            </method>
          </methods>
          <lines>
            <line number="32" hits="0" branch="True" condition-coverage="0% (0/2)">
              <conditions>
                <condition number="95" type="jump" coverage="0%" />
              </conditions>
            </line>
            <line number="33" hits="0" branch="False" />
            <line number="37" hits="0" branch="True" condition-coverage="0% (0/4)">
              <conditions>
                <condition number="613" type="jump" coverage="0%" />
                <condition number="1104" type="jump" coverage="0%" />
              </conditions>
            </line>
          </lines>
        </class>
        <class name="AspNetCoreGeneratedDocument.Views_Login_Index/&lt;ExecuteAsync&gt;d__34" filename="Views\Login\Index.cshtml" line-rate="0" branch-rate="0" complexity="4">
          <methods>
            <method name="MoveNext" signature="()" line-rate="0" branch-rate="0" complexity="4">
              <lines>
                <line number="8" hits="0" branch="True" condition-coverage="0% (0/4)">
                  <conditions>
                    <condition number="364" type="jump" coverage="0%" />
                    <condition number="824" type="jump" coverage="0%" />
                  </conditions>
                </line>
              </lines>
            </method>
          </methods>
          <lines>
            <line number="8" hits="0" branch="True" condition-coverage="0% (0/4)">
              <conditions>
                <condition number="364" type="jump" coverage="0%" />
                <condition number="824" type="jump" coverage="0%" />
              </conditions>
            </line>
          </lines>
        </class>
        <class name="AspNetCoreGeneratedDocument.Views_MyCourses_Index/&lt;ExecuteAsync&gt;d__0" filename="Views\MyCourses\Index.cshtml" line-rate="0" branch-rate="0" complexity="28">
          <methods>
            <method name="MoveNext" signature="()" line-rate="0" branch-rate="0" complexity="28">
              <lines>
                <line number="3" hits="0" branch="False" />
                <line number="4" hits="0" branch="False" />
                <line number="5" hits="0" branch="False" />
                <line number="6" hits="0" branch="False" />
                <line number="19" hits="0" branch="True" condition-coverage="0% (0/4)">
                  <conditions>
                    <condition number="134" type="jump" coverage="0%" />
                    <condition number="157" type="jump" coverage="0%" />
                  </conditions>
                </line>
                <line number="20" hits="0" branch="False" />
                <line number="22" hits="0" branch="True" condition-coverage="0% (0/2)">
                  <conditions>
                    <condition number="787" type="jump" coverage="0%" />
                  </conditions>
                </line>
                <line number="23" hits="0" branch="False" />
                <line number="32" hits="0" branch="True" condition-coverage="0% (0/2)">
                  <conditions>
                    <condition number="344" type="jump" coverage="0%" />
                  </conditions>
                </line>
                <line number="33" hits="0" branch="True" condition-coverage="0% (0/2)">
                  <conditions>
                    <condition number="371" type="jump" coverage="0%" />
                  </conditions>
                </line>
                <line number="35" hits="0" branch="False" />
                <line number="37" hits="0" branch="False" />
                <line number="39" hits="0" branch="True" condition-coverage="0% (0/4)">
                  <conditions>
                    <condition number="531" type="jump" coverage="0%" />
                    <condition number="671" type="jump" coverage="0%" />
                  </conditions>
                </line>
                <line number="54" hits="0" branch="False" />
                <line number="56" hits="0" branch="False" />
                <line number="58" hits="0" branch="False" />
                <line number="61" hits="0" branch="True" condition-coverage="0% (0/10)">
                  <conditions>
                    <condition number="872" type="jump" coverage="0%" />
                    <condition number="940" type="jump" coverage="0%" />
                    <condition number="1008" type="jump" coverage="0%" />
                    <condition number="1101" type="jump" coverage="0%" />
                    <condition number="1202" type="jump" coverage="0%" />
                  </conditions>
                </line>
                <line number="62" hits="0" branch="True" condition-coverage="0% (0/4)">
                  <conditions>
                    <condition number="1213" type="jump" coverage="0%" />
                    <condition number="1305" type="jump" coverage="0%" />
                  </conditions>
                </line>
                <line number="64" hits="0" branch="False" />
                <line number="66" hits="0" branch="False" />
                <line number="68" hits="0" branch="False" />
                <line number="70" hits="0" branch="False" />
              </lines>
            </method>
          </methods>
          <lines>
            <line number="3" hits="0" branch="False" />
            <line number="4" hits="0" branch="False" />
            <line number="5" hits="0" branch="False" />
            <line number="6" hits="0" branch="False" />
            <line number="19" hits="0" branch="True" condition-coverage="0% (0/4)">
              <conditions>
                <condition number="134" type="jump" coverage="0%" />
                <condition number="157" type="jump" coverage="0%" />
              </conditions>
            </line>
            <line number="20" hits="0" branch="False" />
            <line number="22" hits="0" branch="True" condition-coverage="0% (0/2)">
              <conditions>
                <condition number="787" type="jump" coverage="0%" />
              </conditions>
            </line>
            <line number="23" hits="0" branch="False" />
            <line number="32" hits="0" branch="True" condition-coverage="0% (0/2)">
              <conditions>
                <condition number="344" type="jump" coverage="0%" />
              </conditions>
            </line>
            <line number="33" hits="0" branch="True" condition-coverage="0% (0/2)">
              <conditions>
                <condition number="371" type="jump" coverage="0%" />
              </conditions>
            </line>
            <line number="35" hits="0" branch="False" />
            <line number="37" hits="0" branch="False" />
            <line number="39" hits="0" branch="True" condition-coverage="0% (0/4)">
              <conditions>
                <condition number="531" type="jump" coverage="0%" />
                <condition number="671" type="jump" coverage="0%" />
              </conditions>
            </line>
            <line number="54" hits="0" branch="False" />
            <line number="56" hits="0" branch="False" />
            <line number="58" hits="0" branch="False" />
            <line number="61" hits="0" branch="True" condition-coverage="0% (0/10)">
              <conditions>
                <condition number="872" type="jump" coverage="0%" />
                <condition number="940" type="jump" coverage="0%" />
                <condition number="1008" type="jump" coverage="0%" />
                <condition number="1101" type="jump" coverage="0%" />
                <condition number="1202" type="jump" coverage="0%" />
              </conditions>
            </line>
            <line number="62" hits="0" branch="True" condition-coverage="0% (0/4)">
              <conditions>
                <condition number="1213" type="jump" coverage="0%" />
                <condition number="1305" type="jump" coverage="0%" />
              </conditions>
            </line>
            <line number="64" hits="0" branch="False" />
            <line number="66" hits="0" branch="False" />
            <line number="68" hits="0" branch="False" />
            <line number="70" hits="0" branch="False" />
          </lines>
        </class>
        <class name="AspNetCoreGeneratedDocument.Views_Search_Results/&lt;ExecuteAsync&gt;d__0" filename="Views\Search\Results.cshtml" line-rate="0" branch-rate="0" complexity="2">
          <methods>
            <method name="MoveNext" signature="()" line-rate="0" branch-rate="0" complexity="2">
              <lines>
                <line number="3" hits="0" branch="False" />
                <line number="4" hits="0" branch="False" />
                <line number="5" hits="0" branch="False" />
                <line number="6" hits="0" branch="False" />
                <line number="7" hits="0" branch="True" condition-coverage="0% (0/2)">
                  <conditions>
                    <condition number="167" type="jump" coverage="0%" />
                  </conditions>
                </line>
              </lines>
            </method>
          </methods>
          <lines>
            <line number="3" hits="0" branch="False" />
            <line number="4" hits="0" branch="False" />
            <line number="5" hits="0" branch="False" />
            <line number="6" hits="0" branch="False" />
            <line number="7" hits="0" branch="True" condition-coverage="0% (0/2)">
              <conditions>
                <condition number="167" type="jump" coverage="0%" />
              </conditions>
            </line>
          </lines>
        </class>
        <class name="AspNetCoreGeneratedDocument.Views_Settings_ChangePassword/&lt;&lt;ExecuteAsync&gt;b__18_1&gt;d" filename="Views\Settings\ChangePassword.cshtml" line-rate="0" branch-rate="1" complexity="1">
          <methods>
            <method name="MoveNext" signature="()" line-rate="0" branch-rate="1" complexity="1">
              <lines>
                <line number="63" hits="0" branch="False" />
              </lines>
            </method>
          </methods>
          <lines>
            <line number="63" hits="0" branch="False" />
          </lines>
        </class>
        <class name="AspNetCoreGeneratedDocument.Views_Settings_ChangePassword/&lt;ExecuteAsync&gt;d__18" filename="Views\Settings\ChangePassword.cshtml" line-rate="0" branch-rate="0" complexity="4">
          <methods>
            <method name="MoveNext" signature="()" line-rate="0" branch-rate="0" complexity="4">
              <lines>
                <line number="3" hits="0" branch="False" />
                <line number="4" hits="0" branch="False" />
                <line number="5" hits="0" branch="False" />
                <line number="6" hits="0" branch="False" />
                <line number="10" hits="0" branch="True" condition-coverage="0% (0/2)">
                  <conditions>
                    <condition number="170" type="jump" coverage="0%" />
                  </conditions>
                </line>
                <line number="11" hits="0" branch="False" />
                <line number="16" hits="0" branch="True" condition-coverage="0% (0/2)">
                  <conditions>
                    <condition number="666" type="jump" coverage="0%" />
                  </conditions>
                </line>
              </lines>
            </method>
          </methods>
          <lines>
            <line number="3" hits="0" branch="False" />
            <line number="4" hits="0" branch="False" />
            <line number="5" hits="0" branch="False" />
            <line number="6" hits="0" branch="False" />
            <line number="10" hits="0" branch="True" condition-coverage="0% (0/2)">
              <conditions>
                <condition number="170" type="jump" coverage="0%" />
              </conditions>
            </line>
            <line number="11" hits="0" branch="False" />
            <line number="16" hits="0" branch="True" condition-coverage="0% (0/2)">
              <conditions>
                <condition number="666" type="jump" coverage="0%" />
              </conditions>
            </line>
          </lines>
        </class>
        <class name="AspNetCoreGeneratedDocument.Views_Settings_Index/&lt;&lt;ExecuteAsync&gt;b__19_1&gt;d" filename="Views\Settings\Index.cshtml" line-rate="0" branch-rate="1" complexity="1">
          <methods>
            <method name="MoveNext" signature="()" line-rate="0" branch-rate="1" complexity="1">
              <lines>
                <line number="80" hits="0" branch="False" />
              </lines>
            </method>
          </methods>
          <lines>
            <line number="80" hits="0" branch="False" />
          </lines>
        </class>
        <class name="AspNetCoreGeneratedDocument.Views_Settings_Index/&lt;ExecuteAsync&gt;d__19" filename="Views\Settings\Index.cshtml" line-rate="0" branch-rate="0" complexity="6">
          <methods>
            <method name="MoveNext" signature="()" line-rate="0" branch-rate="0" complexity="6">
              <lines>
                <line number="3" hits="0" branch="False" />
                <line number="4" hits="0" branch="False" />
                <line number="5" hits="0" branch="False" />
                <line number="6" hits="0" branch="False" />
                <line number="10" hits="0" branch="True" condition-coverage="0% (0/2)">
                  <conditions>
                    <condition number="170" type="jump" coverage="0%" />
                  </conditions>
                </line>
                <line number="11" hits="0" branch="False" />
                <line number="16" hits="0" branch="False" />
                <line number="17" hits="0" branch="True" condition-coverage="0% (0/2)">
                  <conditions>
                    <condition number="267" type="jump" coverage="0%" />
                  </conditions>
                </line>
                <line number="18" hits="0" branch="False" />
                <line number="23" hits="0" branch="True" condition-coverage="0% (0/2)">
                  <conditions>
                    <condition number="764" type="jump" coverage="0%" />
                  </conditions>
                </line>
              </lines>
            </method>
          </methods>
          <lines>
            <line number="3" hits="0" branch="False" />
            <line number="4" hits="0" branch="False" />
            <line number="5" hits="0" branch="False" />
            <line number="6" hits="0" branch="False" />
            <line number="10" hits="0" branch="True" condition-coverage="0% (0/2)">
              <conditions>
                <condition number="170" type="jump" coverage="0%" />
              </conditions>
            </line>
            <line number="11" hits="0" branch="False" />
            <line number="16" hits="0" branch="False" />
            <line number="17" hits="0" branch="True" condition-coverage="0% (0/2)">
              <conditions>
                <condition number="267" type="jump" coverage="0%" />
              </conditions>
            </line>
            <line number="18" hits="0" branch="False" />
            <line number="23" hits="0" branch="True" condition-coverage="0% (0/2)">
              <conditions>
                <condition number="764" type="jump" coverage="0%" />
              </conditions>
            </line>
          </lines>
        </class>
        <class name="AspNetCoreGeneratedDocument.Views_Shared_Error/&lt;ExecuteAsync&gt;d__0" filename="Views\Shared\Error.cshtml" line-rate="0" branch-rate="0" complexity="2">
          <methods>
            <method name="MoveNext" signature="()" line-rate="0" branch-rate="0" complexity="2">
              <lines>
                <line number="3" hits="0" branch="False" />
                <line number="9" hits="0" branch="True" condition-coverage="0% (0/2)">
                  <conditions>
                    <condition number="70" type="jump" coverage="0%" />
                  </conditions>
                </line>
                <line number="10" hits="0" branch="False" />
                <line number="14" hits="0" branch="False" />
              </lines>
            </method>
          </methods>
          <lines>
            <line number="3" hits="0" branch="False" />
            <line number="9" hits="0" branch="True" condition-coverage="0% (0/2)">
              <conditions>
                <condition number="70" type="jump" coverage="0%" />
              </conditions>
            </line>
            <line number="10" hits="0" branch="False" />
            <line number="14" hits="0" branch="False" />
          </lines>
        </class>
        <class name="AspNetCoreGeneratedDocument.Views_Shared_Partials__Navbar/&lt;ExecuteAsync&gt;d__9" filename="Views\Shared\Partials\_Navbar.cshtml" line-rate="0" branch-rate="0" complexity="4">
          <methods>
            <method name="MoveNext" signature="()" line-rate="0" branch-rate="0" complexity="4">
              <lines>
                <line number="26" hits="0" branch="True" condition-coverage="0% (0/2)">
[...]
                <line number="66" hits="0" branch="False" />
                <line number="67" hits="0" branch="False" />
                <line number="68" hits="0" branch="False" />
                <line number="69" hits="0" branch="False" />
                <line number="70" hits="0" branch="False" />
                <line number="71" hits="0" branch="False" />
                <line number="72" hits="0" branch="False" />
                <line number="73" hits="0" branch="False" />
                <line number="75" hits="0" branch="False" />
                <line number="76" hits="0" branch="False" />
                <line number="78" hits="0" branch="False" />
                <line number="79" hits="0" branch="False" />
                <line number="80" hits="0" branch="False" />
                <line number="81" hits="0" branch="False" />
                <line number="82" hits="0" branch="False" />
                <line number="83" hits="0" branch="False" />
                <line number="84" hits="0" branch="False" />
              </lines>
            </method>
          </methods>
          <lines>
            <line number="36" hits="0" branch="False" />
            <line number="37" hits="0" branch="True" condition-coverage="0% (0/2)">
              <conditions>
                <condition number="34" type="jump" coverage="0%" />
              </conditions>
            </line>
            <line number="38" hits="0" branch="False" />
            <line number="40" hits="0" branch="False" />
            <line number="42" hits="0" branch="False" />
            <line number="43" hits="0" branch="True" condition-coverage="0% (0/2)">
              <conditions>
                <condition number="238" type="jump" coverage="0%" />
              </conditions>
            </line>
            <line number="44" hits="0" branch="False" />
            <line number="45" hits="0" branch="False" />
            <line number="46" hits="0" branch="False" />
            <line number="50" hits="0" branch="True" condition-coverage="0% (0/2)">
              <conditions>
                <condition number="314" type="jump" coverage="0%" />
              </conditions>
            </line>
            <line number="51" hits="0" branch="False" />
            <line number="52" hits="0" branch="False" />
            <line number="53" hits="0" branch="True" condition-coverage="0% (0/2)">
              <conditions>
                <condition number="478" type="jump" coverage="0%" />
              </conditions>
            </line>
            <line number="54" hits="0" branch="False" />
            <line number="55" hits="0" branch="False" />
            <line number="56" hits="0" branch="False" />
            <line number="58" hits="0" branch="False" />
            <line number="60" hits="0" branch="False" />
            <line number="63" hits="0" branch="True" condition-coverage="0% (0/4)">
              <conditions>
                <condition number="673" type="jump" coverage="0%" />
                <condition number="685" type="jump" coverage="0%" />
              </conditions>
            </line>
            <line number="64" hits="0" branch="True" condition-coverage="0% (0/2)">
              <conditions>
                <condition number="721" type="jump" coverage="0%" />
              </conditions>
            </line>
            <line number="65" hits="0" branch="False" />
            <line number="66" hits="0" branch="False" />
            <line number="67" hits="0" branch="False" />
            <line number="68" hits="0" branch="False" />
            <line number="69" hits="0" branch="False" />
            <line number="70" hits="0" branch="False" />
            <line number="71" hits="0" branch="False" />
            <line number="72" hits="0" branch="False" />
            <line number="73" hits="0" branch="False" />
            <line number="75" hits="0" branch="False" />
            <line number="76" hits="0" branch="False" />
            <line number="78" hits="0" branch="False" />
            <line number="79" hits="0" branch="False" />
            <line number="80" hits="0" branch="False" />
            <line number="81" hits="0" branch="False" />
            <line number="82" hits="0" branch="False" />
            <line number="83" hits="0" branch="False" />
            <line number="84" hits="0" branch="False" />
          </lines>
        </class>
        <class name="SIMS.Controllers.UserController/&lt;Delete&gt;d__8" filename="Controllers\UserController.cs" line-rate="0" branch-rate="0" complexity="10">
          <methods>
            <method name="MoveNext" signature="()" line-rate="0" branch-rate="0" complexity="10">
              <lines>
                <line number="153" hits="0" branch="False" />
                <line number="155" hits="0" branch="False" />
                <line number="157" hits="0" branch="False" />
                <line number="159" hits="0" branch="False" />
                <line number="160" hits="0" branch="True" condition-coverage="0% (0/2)">
                  <conditions>
                    <condition number="328" type="jump" coverage="0%" />
                  </conditions>
                </line>
                <line number="161" hits="0" branch="False" />
                <line number="163" hits="0" branch="True" condition-coverage="0% (0/4)">
                  <conditions>
                    <condition number="352" type="jump" coverage="0%" />
                    <condition number="364" type="jump" coverage="0%" />
                  </conditions>
                </line>
                <line number="164" hits="0" branch="True" condition-coverage="0% (0/2)">
                  <conditions>
                    <condition number="400" type="jump" coverage="0%" />
                  </conditions>
                </line>
                <line number="165" hits="0" branch="True" condition-coverage="0% (0/2)">
                  <conditions>
                    <condition number="470" type="jump" coverage="0%" />
                  </conditions>
                </line>
                <line number="166" hits="0" branch="False" />
                <line number="167" hits="0" branch="False" />
                <line number="168" hits="0" branch="False" />
                <line number="169" hits="0" branch="False" />
                <line number="170" hits="0" branch="False" />
                <line number="171" hits="0" branch="False" />
                <line number="172" hits="0" branch="False" />
                <line number="173" hits="0" branch="False" />
                <line number="175" hits="0" branch="False" />
                <line number="176" hits="0" branch="False" />
                <line number="178" hits="0" branch="False" />
                <line number="179" hits="0" branch="False" />
                <line number="180" hits="0" branch="False" />
                <line number="181" hits="0" branch="False" />
                <line number="182" hits="0" branch="False" />
                <line number="183" hits="0" branch="False" />
                <line number="184" hits="0" branch="False" />
                <line number="185" hits="0" branch="False" />
                <line number="187" hits="0" branch="False" />
                <line number="188" hits="0" branch="False" />
              </lines>
            </method>
          </methods>
          <lines>
            <line number="153" hits="0" branch="False" />
            <line number="155" hits="0" branch="False" />
            <line number="157" hits="0" branch="False" />
            <line number="159" hits="0" branch="False" />
            <line number="160" hits="0" branch="True" condition-coverage="0% (0/2)">
              <conditions>
                <condition number="328" type="jump" coverage="0%" />
              </conditions>
            </line>
            <line number="161" hits="0" branch="False" />
            <line number="163" hits="0" branch="True" condition-coverage="0% (0/4)">
              <conditions>
                <condition number="352" type="jump" coverage="0%" />
                <condition number="364" type="jump" coverage="0%" />
              </conditions>
            </line>
            <line number="164" hits="0" branch="True" condition-coverage="0% (0/2)">
              <conditions>
                <condition number="400" type="jump" coverage="0%" />
              </conditions>
            </line>
            <line number="165" hits="0" branch="True" condition-coverage="0% (0/2)">
              <conditions>
                <condition number="470" type="jump" coverage="0%" />
              </conditions>
            </line>
            <line number="166" hits="0" branch="False" />
            <line number="167" hits="0" branch="False" />
            <line number="168" hits="0" branch="False" />
            <line number="169" hits="0" branch="False" />
            <line number="170" hits="0" branch="False" />
            <line number="171" hits="0" branch="False" />
            <line number="172" hits="0" branch="False" />
            <line number="173" hits="0" branch="False" />
            <line number="175" hits="0" branch="False" />
            <line number="176" hits="0" branch="False" />
            <line number="178" hits="0" branch="False" />
            <line number="179" hits="0" branch="False" />
            <line number="180" hits="0" branch="False" />
            <line number="181" hits="0" branch="False" />
            <line number="182" hits="0" branch="False" />
            <line number="183" hits="0" branch="False" />
            <line number="184" hits="0" branch="False" />
            <line number="185" hits="0" branch="False" />
            <line number="187" hits="0" branch="False" />
            <line number="188" hits="0" branch="False" />
          </lines>
        </class>
        <class name="SIMS.Controllers.UserController/&lt;Edit&gt;d__6" filename="Controllers\UserController.cs" line-rate="0" branch-rate="0" complexity="2">
          <methods>
            <method name="MoveNext" signature="()" line-rate="0" branch-rate="0" complexity="2">
              <lines>
                <line number="88" hits="0" branch="False" />
                <line number="89" hits="0" branch="False" />
                <line number="90" hits="0" branch="True" condition-coverage="0% (0/2)">
                  <conditions>
                    <condition number="164" type="jump" coverage="0%" />
                  </conditions>
                </line>
                <line number="91" hits="0" branch="False" />
                <line number="92" hits="0" branch="False" />
                <line number="94" hits="0" branch="False" />
                <line number="95" hits="0" branch="False" />
              </lines>
            </method>
          </methods>
          <lines>
            <line number="88" hits="0" branch="False" />
            <line number="89" hits="0" branch="False" />
            <line number="90" hits="0" branch="True" condition-coverage="0% (0/2)">
              <conditions>
                <condition number="164" type="jump" coverage="0%" />
              </conditions>
            </line>
            <line number="91" hits="0" branch="False" />
            <line number="92" hits="0" branch="False" />
            <line number="94" hits="0" branch="False" />
            <line number="95" hits="0" branch="False" />
          </lines>
        </class>
        <class name="SIMS.Controllers.UserController/&lt;Edit&gt;d__7" filename="Controllers\UserController.cs" line-rate="0" branch-rate="0" complexity="18">
          <methods>
            <method name="MoveNext" signature="()" line-rate="0" branch-rate="0" complexity="18">
              <lines>
                <line number="100" hits="0" branch="False" />
                <line number="101" hits="0" branch="True" condition-coverage="0% (0/2)">
                  <conditions>
                    <condition number="34" type="jump" coverage="0%" />
                  </conditions>
                </line>
                <line number="102" hits="0" branch="False" />
                <line number="104" hits="0" branch="False" />
                <line number="106" hits="0" branch="False" />
                <line number="107" hits="0" branch="True" condition-coverage="0% (0/4)">
                  <conditions>
                    <condition number="231" type="jump" coverage="0%" />
                    <condition number="267" type="jump" coverage="0%" />
                  </conditions>
                </line>
                <line number="108" hits="0" branch="False" />
                <line number="109" hits="0" branch="False" />
                <line number="110" hits="0" branch="False" />
                <line number="114" hits="0" branch="True" condition-coverage="0% (0/2)">
                  <conditions>
                    <condition number="343" type="jump" coverage="0%" />
                  </conditions>
                </line>
                <line number="115" hits="0" branch="False" />
                <line number="116" hits="0" branch="False" />
                <line number="117" hits="0" branch="True" condition-coverage="0% (0/4)">
                  <conditions>
                    <condition number="500" type="jump" coverage="0%" />
                    <condition number="536" type="jump" coverage="0%" />
                  </conditions>
                </line>
                <line number="118" hits="0" branch="False" />
                <line number="119" hits="0" branch="False" />
                <line number="120" hits="0" branch="False" />
                <line number="122" hits="0" branch="False" />
                <line number="124" hits="0" branch="False" />
                <line number="127" hits="0" branch="True" condition-coverage="0% (0/4)">
                  <conditions>
                    <condition number="731" type="jump" coverage="0%" />
                    <condition number="743" type="jump" coverage="0%" />
                  </conditions>
                </line>
                <line number="128" hits="0" branch="True" condition-coverage="0% (0/2)">
                  <conditions>
                    <condition number="779" type="jump" coverage="0%" />
                  </conditions>
                </line>
                <line number="129" hits="0" branch="False" />
                <line number="130" hits="0" branch="False" />
                <line number="131" hits="0" branch="False" />
                <line number="132" hits="0" branch="False" />
                <line number="133" hits="0" branch="False" />
                <line number="134" hits="0" branch="False" />
                <line number="135" hits="0" branch="False" />
                <line number="136" hits="0" branch="False" />
                <line number="137" hits="0" branch="False" />
                <line number="139" hits="0" branch="False" />
                <line number="140" hits="0" branch="False" />
                <line number="142" hits="0" branch="False" />
                <line number="143" hits="0" branch="False" />
                <line number="144" hits="0" branch="False" />
                <line number="145" hits="0" branch="False" />
                <line number="146" hits="0" branch="False" />
                <line number="147" hits="0" branch="False" />
                <line number="148" hits="0" branch="False" />
              </lines>
            </method>
          </methods>
          <lines>
            <line number="100" hits="0" branch="False" />
            <line number="101" hits="0" branch="True" condition-coverage="0% (0/2)">
              <conditions>
                <condition number="34" type="jump" coverage="0%" />
              </conditions>
            </line>
            <line number="102" hits="0" branch="False" />
            <line number="104" hits="0" branch="False" />
            <line number="106" hits="0" branch="False" />
            <line number="107" hits="0" branch="True" condition-coverage="0% (0/4)">
              <conditions>
                <condition number="231" type="jump" coverage="0%" />
                <condition number="267" type="jump" coverage="0%" />
              </conditions>
            </line>
            <line number="108" hits="0" branch="False" />
            <line number="109" hits="0" branch="False" />
            <line number="110" hits="0" branch="False" />
            <line number="114" hits="0" branch="True" condition-coverage="0% (0/2)">
              <conditions>
                <condition number="343" type="jump" coverage="0%" />
              </conditions>
            </line>
            <line number="115" hits="0" branch="False" />
            <line number="116" hits="0" branch="False" />
            <line number="117" hits="0" branch="True" condition-coverage="0% (0/4)">
              <conditions>
                <condition number="500" type="jump" coverage="0%" />
                <condition number="536" type="jump" coverage="0%" />
              </conditions>
            </line>
            <line number="118" hits="0" branch="False" />
            <line number="119" hits="0" branch="False" />
            <line number="120" hits="0" branch="False" />
            <line number="122" hits="0" branch="False" />
            <line number="124" hits="0" branch="False" />
            <line number="127" hits="0" branch="True" condition-coverage="0% (0/4)">
              <conditions>
                <condition number="731" type="jump" coverage="0%" />
                <condition number="743" type="jump" coverage="0%" />
              </conditions>
            </line>
            <line number="128" hits="0" branch="True" condition-coverage="0% (0/2)">
              <conditions>
                <condition number="779" type="jump" coverage="0%" />
              </conditions>
            </line>
            <line number="129" hits="0" branch="False" />
            <line number="130" hits="0" branch="False" />
            <line number="131" hits="0" branch="False" />
            <line number="132" hits="0" branch="False" />
            <line number="133" hits="0" branch="False" />
            <line number="134" hits="0" branch="False" />
            <line number="135" hits="0" branch="False" />
            <line number="136" hits="0" branch="False" />
            <line number="137" hits="0" branch="False" />
            <line number="139" hits="0" branch="False" />
            <line number="140" hits="0" branch="False" />
            <line number="142" hits="0" branch="False" />
            <line number="143" hits="0" branch="False" />
            <line number="144" hits="0" branch="False" />
            <line number="145" hits="0" branch="False" />
            <line number="146" hits="0" branch="False" />
            <line number="147" hits="0" branch="False" />
            <line number="148" hits="0" branch="False" />
          </lines>
        </class>
        <class name="SIMS.Controllers.UserController/&lt;Index&gt;d__3" filename="Controllers\UserController.cs" line-rate="0" branch-rate="1" complexity="1">
          <methods>
            <method name="MoveNext" signature="()" line-rate="0" branch-rate="1" complexity="1">
              <lines>
                <line number="22" hits="0" branch="False" />
                <line number="23" hits="0" branch="False" />
                <line number="24" hits="0" branch="False" />
                <line number="25" hits="0" branch="False" />
              </lines>
            </method>
          </methods>
          <lines>
            <line number="22" hits="0" branch="False" />
            <line number="23" hits="0" branch="False" />
            <line number="24" hits="0" branch="False" />
            <line number="25" hits="0" branch="False" />
          </lines>
        </class>
      </classes>
    </package>
  </packages>
</coverage>